[DEBUG]2024-05-28 18:02:11,222: <re.Match object; span=(1088, 1899), match='typedef enum {\n    ES_NO_EVENT, ES_ERROR, /* use>
[DEBUG]2024-05-28 18:02:11,222: ['ES_NO_EVENT', 'ES_ERROR', 'ES_INIT', 'ES_ENTRY', 'ES_EXIT', 'ES_KEYINPUT', 'ES_LISTEVENTS', 'ES_TIMEOUT', 'ES_TIMERACTIVE', 'ES_TIMERSTOPPED', 'TAPE_STATUS_CHANGE', 'TRACK_WIRE_FOUND', 'TRACK_WIRE_NOT_DETECTED', 'BIAS_CHANGE', 'BUMPER_STATUS_CHANGE', 'BATTERY_CONNECTED', 'BATTERY_DISCONNECTED', 'NUMBEROFEVENTS']
[DEBUG]2024-05-28 18:02:11,222: 
static const char *EventNames[] = {
	"ES_NO_EVENT",
	"ES_ERROR",
	"ES_INIT",
	"ES_ENTRY",
	"ES_EXIT",
	"ES_KEYINPUT",
	"ES_LISTEVENTS",
	"ES_TIMEOUT",
	"ES_TIMERACTIVE",
	"ES_TIMERSTOPPED",
	"TAPE_STATUS_CHANGE",
	"TRACK_WIRE_FOUND",
	"TRACK_WIRE_NOT_DETECTED",
	"BIAS_CHANGE",
	"BUMPER_STATUS_CHANGE",
	"BATTERY_CONNECTED",
	"BATTERY_DISCONNECTED",
	"NUMBEROFEVENTS",
};


[DEBUG]2024-05-28 18:02:11,230: None
[DEBUG]2024-05-28 18:02:11,230: None
[DEBUG]2024-05-28 18:02:11,231: None
[DEBUG]2024-05-28 18:02:11,231: None
[DEBUG]2024-05-28 18:02:11,231: None
[DEBUG]2024-05-28 18:02:11,232: None
[DEBUG]2024-05-28 18:02:11,232: None
[DEBUG]2024-05-28 18:02:11,232: None
[DEBUG]2024-05-28 18:02:11,232: None
[DEBUG]2024-05-28 18:02:11,232: None
[DEBUG]2024-05-28 18:02:11,232: None
[DEBUG]2024-05-28 18:02:11,232: None
[DEBUG]2024-05-28 18:02:11,232: None
[DEBUG]2024-05-28 18:02:11,232: None
[DEBUG]2024-05-28 18:02:11,233: None
[DEBUG]2024-05-28 18:02:11,233: None
[DEBUG]2024-05-28 18:02:11,233: None
[DEBUG]2024-05-28 18:02:11,233: None
[DEBUG]2024-05-28 18:02:11,233: None
[DEBUG]2024-05-28 18:02:11,233: None
[DEBUG]2024-05-28 18:02:11,234: None
[DEBUG]2024-05-28 18:02:11,234: None
[DEBUG]2024-05-28 18:02:11,234: None
[DEBUG]2024-05-28 18:02:11,234: None
[DEBUG]2024-05-28 18:02:11,234: None
[DEBUG]2024-05-28 18:02:11,234: None
[DEBUG]2024-05-28 18:02:11,234: None
[DEBUG]2024-05-28 18:02:11,235: None
[DEBUG]2024-05-28 18:02:11,235: None
[DEBUG]2024-05-28 18:02:11,235: None
[DEBUG]2024-05-28 18:02:11,235: None
[DEBUG]2024-05-28 18:02:11,235: None
[DEBUG]2024-05-28 18:02:11,235: None
[DEBUG]2024-05-28 18:02:11,235: None
[DEBUG]2024-05-28 18:02:11,235: None
[DEBUG]2024-05-28 18:02:11,236: None
[DEBUG]2024-05-28 18:02:11,236: None
[DEBUG]2024-05-28 18:02:11,236: None
[DEBUG]2024-05-28 18:02:11,236: None
[DEBUG]2024-05-28 18:02:11,236: None
[DEBUG]2024-05-28 18:02:11,236: None
[DEBUG]2024-05-28 18:02:11,236: None
[DEBUG]2024-05-28 18:02:11,236: None
[DEBUG]2024-05-28 18:02:11,236: None
[DEBUG]2024-05-28 18:02:11,237: None
[DEBUG]2024-05-28 18:02:11,237: None
[DEBUG]2024-05-28 18:02:11,237: None
[DEBUG]2024-05-28 18:02:11,237: None
[DEBUG]2024-05-28 18:02:11,237: None
[DEBUG]2024-05-28 18:02:11,237: None
[DEBUG]2024-05-28 18:02:11,237: None
[DEBUG]2024-05-28 18:02:11,237: None
[DEBUG]2024-05-28 18:02:11,237: None
[DEBUG]2024-05-28 18:02:11,237: None
[DEBUG]2024-05-28 18:02:11,238: None
[DEBUG]2024-05-28 18:02:11,238: None
[DEBUG]2024-05-28 18:02:11,238: None
[DEBUG]2024-05-28 18:02:11,238: None
[DEBUG]2024-05-28 18:02:11,238: None
[DEBUG]2024-05-28 18:02:11,238: None
[DEBUG]2024-05-28 18:02:11,238: None
[DEBUG]2024-05-28 18:02:11,238: None
[DEBUG]2024-05-28 18:02:11,238: None
[DEBUG]2024-05-28 18:02:11,238: None
[DEBUG]2024-05-28 18:02:11,238: None
[DEBUG]2024-05-28 18:02:11,239: None
[DEBUG]2024-05-28 18:02:11,239: None
[DEBUG]2024-05-28 18:02:11,239: None
[DEBUG]2024-05-28 18:02:11,239: None
[DEBUG]2024-05-28 18:02:11,239: None
[DEBUG]2024-05-28 18:02:11,239: None
[DEBUG]2024-05-28 18:02:11,239: None
[DEBUG]2024-05-28 18:02:11,239: None
[DEBUG]2024-05-28 18:02:11,239: None
[DEBUG]2024-05-28 18:02:11,239: None
[DEBUG]2024-05-28 18:02:11,239: None
[DEBUG]2024-05-28 18:02:11,239: None
[DEBUG]2024-05-28 18:02:11,240: None
[DEBUG]2024-05-28 18:02:11,240: None
[DEBUG]2024-05-28 18:02:11,240: None
[DEBUG]2024-05-28 18:02:11,240: None
[DEBUG]2024-05-28 18:02:11,240: None
[DEBUG]2024-05-28 18:02:11,240: None
[DEBUG]2024-05-28 18:02:11,240: None
[DEBUG]2024-05-28 18:02:11,240: None
[DEBUG]2024-05-28 18:02:11,240: None
[DEBUG]2024-05-28 18:02:11,240: None
[DEBUG]2024-05-28 18:02:11,240: None
[DEBUG]2024-05-28 18:02:11,240: None
[DEBUG]2024-05-28 18:02:11,240: None
[DEBUG]2024-05-28 18:02:11,241: None
[DEBUG]2024-05-28 18:02:11,241: None
[DEBUG]2024-05-28 18:02:11,241: None
[DEBUG]2024-05-28 18:02:11,241: None
[DEBUG]2024-05-28 18:02:11,241: None
[DEBUG]2024-05-28 18:02:11,241: None
[DEBUG]2024-05-28 18:02:11,241: None
[DEBUG]2024-05-28 18:02:11,241: None
[DEBUG]2024-05-28 18:02:11,241: None
[DEBUG]2024-05-28 18:02:11,241: None
[DEBUG]2024-05-28 18:02:11,241: None
[DEBUG]2024-05-28 18:02:11,241: None
[DEBUG]2024-05-28 18:02:11,241: None
[DEBUG]2024-05-28 18:02:11,241: None
[DEBUG]2024-05-28 18:02:11,242: None
[DEBUG]2024-05-28 18:02:11,242: None
[DEBUG]2024-05-28 18:02:11,242: None
[DEBUG]2024-05-28 18:02:11,242: None
[DEBUG]2024-05-28 18:02:11,242: None
[DEBUG]2024-05-28 18:02:11,242: None
[DEBUG]2024-05-28 18:02:11,242: None
[DEBUG]2024-05-28 18:02:11,242: None
[DEBUG]2024-05-28 18:02:11,242: None
[DEBUG]2024-05-28 18:02:11,242: None
[DEBUG]2024-05-28 18:02:11,242: None
[DEBUG]2024-05-28 18:02:11,242: None
[DEBUG]2024-05-28 18:02:11,242: None
[DEBUG]2024-05-28 18:02:11,242: None
[DEBUG]2024-05-28 18:02:11,242: None
[DEBUG]2024-05-28 18:02:11,243: <re.Match object; span=(1653, 1758), match='typedef enum {\n    InitPSubState,\n    BACKUP,\n>
[DEBUG]2024-05-28 18:02:11,243: <re.Match object; span=(1653, 1758), match='typedef enum {\n    InitPSubState,\n    BACKUP,\n>
[DEBUG]2024-05-28 18:02:11,243: <re.Match object; span=(1653, 1758), match='typedef enum {\n    InitPSubState,\n    BACKUP,\n>
[DEBUG]2024-05-28 18:02:11,243: <re.Match object; span=(1653, 1758), match='typedef enum {\n    InitPSubState,\n    BACKUP,\n>
[DEBUG]2024-05-28 18:02:11,243: <re.Match object; span=(1653, 1758), match='typedef enum {\n    InitPSubState,\n    BACKUP,\n>
[DEBUG]2024-05-28 18:02:11,243: <re.Match object; span=(1653, 1758), match='typedef enum {\n    InitPSubState,\n    BACKUP,\n>
[DEBUG]2024-05-28 18:02:11,243: <re.Match object; span=(1653, 1758), match='typedef enum {\n    InitPSubState,\n    BACKUP,\n>
[DEBUG]2024-05-28 18:02:11,243: <re.Match object; span=(1653, 1758), match='typedef enum {\n    InitPSubState,\n    BACKUP,\n>
[DEBUG]2024-05-28 18:02:11,243: <re.Match object; span=(1653, 1758), match='typedef enum {\n    InitPSubState,\n    BACKUP,\n>
[DEBUG]2024-05-28 18:02:11,243: <re.Match object; span=(1653, 1758), match='typedef enum {\n    InitPSubState,\n    BACKUP,\n>
[DEBUG]2024-05-28 18:02:11,243: <re.Match object; span=(1653, 1758), match='typedef enum {\n    InitPSubState,\n    BACKUP,\n>
[DEBUG]2024-05-28 18:02:11,243: <re.Match object; span=(1653, 1758), match='typedef enum {\n    InitPSubState,\n    BACKUP,\n>
[DEBUG]2024-05-28 18:02:11,243: <re.Match object; span=(1653, 1758), match='typedef enum {\n    InitPSubState,\n    BACKUP,\n>
[DEBUG]2024-05-28 18:02:11,243: <re.Match object; span=(1653, 1758), match='typedef enum {\n    InitPSubState,\n    BACKUP,\n>
[DEBUG]2024-05-28 18:02:11,243: <re.Match object; span=(1653, 1758), match='typedef enum {\n    InitPSubState,\n    BACKUP,\n>
[DEBUG]2024-05-28 18:02:11,243: <re.Match object; span=(1653, 1758), match='typedef enum {\n    InitPSubState,\n    BACKUP,\n>
[DEBUG]2024-05-28 18:02:11,244: ['InitPSubState', 'BACKUP', 'TURN_TO_WALL', 'BACK_TO_WALL']
[DEBUG]2024-05-28 18:02:11,244: ['InitPSubState', 'BACKUP', 'TURN_TO_WALL', 'BACK_TO_WALL']
[DEBUG]2024-05-28 18:02:11,244: ['InitPSubState', 'BACKUP', 'TURN_TO_WALL', 'BACK_TO_WALL']
[DEBUG]2024-05-28 18:02:11,244: ['InitPSubState', 'BACKUP', 'TURN_TO_WALL', 'BACK_TO_WALL']
[DEBUG]2024-05-28 18:02:11,244: ['InitPSubState', 'BACKUP', 'TURN_TO_WALL', 'BACK_TO_WALL']
[DEBUG]2024-05-28 18:02:11,244: ['InitPSubState', 'BACKUP', 'TURN_TO_WALL', 'BACK_TO_WALL']
[DEBUG]2024-05-28 18:02:11,244: ['InitPSubState', 'BACKUP', 'TURN_TO_WALL', 'BACK_TO_WALL']
[DEBUG]2024-05-28 18:02:11,244: ['InitPSubState', 'BACKUP', 'TURN_TO_WALL', 'BACK_TO_WALL']
[DEBUG]2024-05-28 18:02:11,244: ['InitPSubState', 'BACKUP', 'TURN_TO_WALL', 'BACK_TO_WALL']
[DEBUG]2024-05-28 18:02:11,244: ['InitPSubState', 'BACKUP', 'TURN_TO_WALL', 'BACK_TO_WALL']
[DEBUG]2024-05-28 18:02:11,244: ['InitPSubState', 'BACKUP', 'TURN_TO_WALL', 'BACK_TO_WALL']
[DEBUG]2024-05-28 18:02:11,244: ['InitPSubState', 'BACKUP', 'TURN_TO_WALL', 'BACK_TO_WALL']
[DEBUG]2024-05-28 18:02:11,244: ['InitPSubState', 'BACKUP', 'TURN_TO_WALL', 'BACK_TO_WALL']
[DEBUG]2024-05-28 18:02:11,244: ['InitPSubState', 'BACKUP', 'TURN_TO_WALL', 'BACK_TO_WALL']
[DEBUG]2024-05-28 18:02:11,244: ['InitPSubState', 'BACKUP', 'TURN_TO_WALL', 'BACK_TO_WALL']
[DEBUG]2024-05-28 18:02:11,244: ['InitPSubState', 'BACKUP', 'TURN_TO_WALL', 'BACK_TO_WALL']
[DEBUG]2024-05-28 18:02:11,245: 
static const char *StateNames[] = {
	"InitPSubState",
	"BACKUP",
	"TURN_TO_WALL",
	"BACK_TO_WALL",
};


[DEBUG]2024-05-28 18:02:11,245: 
static const char *StateNames[] = {
	"InitPSubState",
	"BACKUP",
	"TURN_TO_WALL",
	"BACK_TO_WALL",
};


[DEBUG]2024-05-28 18:02:11,245: 
static const char *StateNames[] = {
	"InitPSubState",
	"BACKUP",
	"TURN_TO_WALL",
	"BACK_TO_WALL",
};


[DEBUG]2024-05-28 18:02:11,245: 
static const char *StateNames[] = {
	"InitPSubState",
	"BACKUP",
	"TURN_TO_WALL",
	"BACK_TO_WALL",
};


[DEBUG]2024-05-28 18:02:11,245: 
static const char *StateNames[] = {
	"InitPSubState",
	"BACKUP",
	"TURN_TO_WALL",
	"BACK_TO_WALL",
};


[DEBUG]2024-05-28 18:02:11,245: 
static const char *StateNames[] = {
	"InitPSubState",
	"BACKUP",
	"TURN_TO_WALL",
	"BACK_TO_WALL",
};


[DEBUG]2024-05-28 18:02:11,245: 
static const char *StateNames[] = {
	"InitPSubState",
	"BACKUP",
	"TURN_TO_WALL",
	"BACK_TO_WALL",
};


[DEBUG]2024-05-28 18:02:11,245: 
static const char *StateNames[] = {
	"InitPSubState",
	"BACKUP",
	"TURN_TO_WALL",
	"BACK_TO_WALL",
};


[DEBUG]2024-05-28 18:02:11,245: 
static const char *StateNames[] = {
	"InitPSubState",
	"BACKUP",
	"TURN_TO_WALL",
	"BACK_TO_WALL",
};


[DEBUG]2024-05-28 18:02:11,245: 
static const char *StateNames[] = {
	"InitPSubState",
	"BACKUP",
	"TURN_TO_WALL",
	"BACK_TO_WALL",
};


[DEBUG]2024-05-28 18:02:11,245: 
static const char *StateNames[] = {
	"InitPSubState",
	"BACKUP",
	"TURN_TO_WALL",
	"BACK_TO_WALL",
};


[DEBUG]2024-05-28 18:02:11,245: 
static const char *StateNames[] = {
	"InitPSubState",
	"BACKUP",
	"TURN_TO_WALL",
	"BACK_TO_WALL",
};


[DEBUG]2024-05-28 18:02:11,245: 
static const char *StateNames[] = {
	"InitPSubState",
	"BACKUP",
	"TURN_TO_WALL",
	"BACK_TO_WALL",
};


[DEBUG]2024-05-28 18:02:11,245: 
static const char *StateNames[] = {
	"InitPSubState",
	"BACKUP",
	"TURN_TO_WALL",
	"BACK_TO_WALL",
};


[DEBUG]2024-05-28 18:02:11,245: 
static const char *StateNames[] = {
	"InitPSubState",
	"BACKUP",
	"TURN_TO_WALL",
	"BACK_TO_WALL",
};


[DEBUG]2024-05-28 18:02:11,245: 
static const char *StateNames[] = {
	"InitPSubState",
	"BACKUP",
	"TURN_TO_WALL",
	"BACK_TO_WALL",
};


[DEBUG]2024-05-28 18:02:11,246: None
[DEBUG]2024-05-28 18:02:11,246: None
[DEBUG]2024-05-28 18:02:11,246: None
[DEBUG]2024-05-28 18:02:11,246: None
[DEBUG]2024-05-28 18:02:11,246: None
[DEBUG]2024-05-28 18:02:11,246: None
[DEBUG]2024-05-28 18:02:11,246: None
[DEBUG]2024-05-28 18:02:11,246: None
[DEBUG]2024-05-28 18:02:11,246: None
[DEBUG]2024-05-28 18:02:11,246: None
[DEBUG]2024-05-28 18:02:11,246: None
[DEBUG]2024-05-28 18:02:11,246: None
[DEBUG]2024-05-28 18:02:11,246: None
[DEBUG]2024-05-28 18:02:11,246: None
[DEBUG]2024-05-28 18:02:11,246: None
[DEBUG]2024-05-28 18:02:11,246: None
[DEBUG]2024-05-28 18:02:11,246: None
[DEBUG]2024-05-28 18:02:11,247: None
[DEBUG]2024-05-28 18:02:11,247: None
[DEBUG]2024-05-28 18:02:11,247: None
[DEBUG]2024-05-28 18:02:11,247: None
[DEBUG]2024-05-28 18:02:11,247: None
[DEBUG]2024-05-28 18:02:11,247: None
[DEBUG]2024-05-28 18:02:11,247: None
[DEBUG]2024-05-28 18:02:11,247: None
[DEBUG]2024-05-28 18:02:11,247: None
[DEBUG]2024-05-28 18:02:11,247: None
[DEBUG]2024-05-28 18:02:11,247: None
[DEBUG]2024-05-28 18:02:11,247: None
[DEBUG]2024-05-28 18:02:11,247: None
[DEBUG]2024-05-28 18:02:11,247: None
[DEBUG]2024-05-28 18:02:11,247: None
[DEBUG]2024-05-28 18:02:11,247: None
[DEBUG]2024-05-28 18:02:11,247: None
[DEBUG]2024-05-28 18:02:11,247: None
[DEBUG]2024-05-28 18:02:11,248: None
[DEBUG]2024-05-28 18:02:11,248: None
[DEBUG]2024-05-28 18:02:11,248: None
[DEBUG]2024-05-28 18:02:11,248: None
[DEBUG]2024-05-28 18:02:11,248: None
[DEBUG]2024-05-28 18:02:11,248: None
[DEBUG]2024-05-28 18:02:11,248: None
[DEBUG]2024-05-28 18:02:11,248: None
[DEBUG]2024-05-28 18:02:11,248: None
[DEBUG]2024-05-28 18:02:11,248: None
[DEBUG]2024-05-28 18:02:11,248: None
[DEBUG]2024-05-28 18:02:11,248: None
[DEBUG]2024-05-28 18:02:11,248: None
[DEBUG]2024-05-28 18:02:11,248: None
[DEBUG]2024-05-28 18:02:11,248: None
[DEBUG]2024-05-28 18:02:11,248: None
[DEBUG]2024-05-28 18:02:11,248: None
[DEBUG]2024-05-28 18:02:11,248: None
[DEBUG]2024-05-28 18:02:11,248: None
[DEBUG]2024-05-28 18:02:11,249: None
[DEBUG]2024-05-28 18:02:11,249: None
[DEBUG]2024-05-28 18:02:11,249: None
[DEBUG]2024-05-28 18:02:11,249: None
[DEBUG]2024-05-28 18:02:11,249: None
[DEBUG]2024-05-28 18:02:11,249: None
[DEBUG]2024-05-28 18:02:11,249: None
[DEBUG]2024-05-28 18:02:11,249: None
[DEBUG]2024-05-28 18:02:11,249: None
[DEBUG]2024-05-28 18:02:11,249: None
[DEBUG]2024-05-28 18:02:11,249: None
[DEBUG]2024-05-28 18:02:11,249: None
[DEBUG]2024-05-28 18:02:11,249: None
[DEBUG]2024-05-28 18:02:11,249: None
[DEBUG]2024-05-28 18:02:11,249: None
[DEBUG]2024-05-28 18:02:11,249: None
[DEBUG]2024-05-28 18:02:11,249: None
[DEBUG]2024-05-28 18:02:11,249: None
[DEBUG]2024-05-28 18:02:11,249: None
[DEBUG]2024-05-28 18:02:11,249: None
[DEBUG]2024-05-28 18:02:11,251: <re.Match object; span=(2104, 2195), match='typedef enum {\n    InitPState,\n    ROAMING,\n  >
[DEBUG]2024-05-28 18:02:11,251: <re.Match object; span=(2104, 2195), match='typedef enum {\n    InitPState,\n    ROAMING,\n  >
[DEBUG]2024-05-28 18:02:11,251: <re.Match object; span=(2104, 2195), match='typedef enum {\n    InitPState,\n    ROAMING,\n  >
[DEBUG]2024-05-28 18:02:11,251: <re.Match object; span=(2104, 2195), match='typedef enum {\n    InitPState,\n    ROAMING,\n  >
[DEBUG]2024-05-28 18:02:11,251: <re.Match object; span=(2104, 2195), match='typedef enum {\n    InitPState,\n    ROAMING,\n  >
[DEBUG]2024-05-28 18:02:11,251: <re.Match object; span=(2104, 2195), match='typedef enum {\n    InitPState,\n    ROAMING,\n  >
[DEBUG]2024-05-28 18:02:11,251: <re.Match object; span=(2104, 2195), match='typedef enum {\n    InitPState,\n    ROAMING,\n  >
[DEBUG]2024-05-28 18:02:11,251: <re.Match object; span=(2104, 2195), match='typedef enum {\n    InitPState,\n    ROAMING,\n  >
[DEBUG]2024-05-28 18:02:11,251: <re.Match object; span=(2104, 2195), match='typedef enum {\n    InitPState,\n    ROAMING,\n  >
[DEBUG]2024-05-28 18:02:11,251: <re.Match object; span=(2104, 2195), match='typedef enum {\n    InitPState,\n    ROAMING,\n  >
[DEBUG]2024-05-28 18:02:11,251: <re.Match object; span=(2104, 2195), match='typedef enum {\n    InitPState,\n    ROAMING,\n  >
[DEBUG]2024-05-28 18:02:11,251: <re.Match object; span=(2104, 2195), match='typedef enum {\n    InitPState,\n    ROAMING,\n  >
[DEBUG]2024-05-28 18:02:11,251: <re.Match object; span=(2104, 2195), match='typedef enum {\n    InitPState,\n    ROAMING,\n  >
[DEBUG]2024-05-28 18:02:11,251: <re.Match object; span=(2104, 2195), match='typedef enum {\n    InitPState,\n    ROAMING,\n  >
[DEBUG]2024-05-28 18:02:11,251: <re.Match object; span=(2104, 2195), match='typedef enum {\n    InitPState,\n    ROAMING,\n  >
[DEBUG]2024-05-28 18:02:11,251: <re.Match object; span=(2104, 2195), match='typedef enum {\n    InitPState,\n    ROAMING,\n  >
[DEBUG]2024-05-28 18:02:11,251: <re.Match object; span=(2104, 2195), match='typedef enum {\n    InitPState,\n    ROAMING,\n  >
[DEBUG]2024-05-28 18:02:11,251: <re.Match object; span=(2104, 2195), match='typedef enum {\n    InitPState,\n    ROAMING,\n  >
[DEBUG]2024-05-28 18:02:11,251: <re.Match object; span=(2104, 2195), match='typedef enum {\n    InitPState,\n    ROAMING,\n  >
[DEBUG]2024-05-28 18:02:11,251: <re.Match object; span=(2104, 2195), match='typedef enum {\n    InitPState,\n    ROAMING,\n  >
[DEBUG]2024-05-28 18:02:11,251: <re.Match object; span=(2104, 2195), match='typedef enum {\n    InitPState,\n    ROAMING,\n  >
[DEBUG]2024-05-28 18:02:11,251: ['InitPState', 'ROAMING', 'FIND_DOOR', 'MOWING']
[DEBUG]2024-05-28 18:02:11,251: ['InitPState', 'ROAMING', 'FIND_DOOR', 'MOWING']
[DEBUG]2024-05-28 18:02:11,251: ['InitPState', 'ROAMING', 'FIND_DOOR', 'MOWING']
[DEBUG]2024-05-28 18:02:11,251: ['InitPState', 'ROAMING', 'FIND_DOOR', 'MOWING']
[DEBUG]2024-05-28 18:02:11,251: ['InitPState', 'ROAMING', 'FIND_DOOR', 'MOWING']
[DEBUG]2024-05-28 18:02:11,251: ['InitPState', 'ROAMING', 'FIND_DOOR', 'MOWING']
[DEBUG]2024-05-28 18:02:11,251: ['InitPState', 'ROAMING', 'FIND_DOOR', 'MOWING']
[DEBUG]2024-05-28 18:02:11,251: ['InitPState', 'ROAMING', 'FIND_DOOR', 'MOWING']
[DEBUG]2024-05-28 18:02:11,251: ['InitPState', 'ROAMING', 'FIND_DOOR', 'MOWING']
[DEBUG]2024-05-28 18:02:11,251: ['InitPState', 'ROAMING', 'FIND_DOOR', 'MOWING']
[DEBUG]2024-05-28 18:02:11,251: ['InitPState', 'ROAMING', 'FIND_DOOR', 'MOWING']
[DEBUG]2024-05-28 18:02:11,251: ['InitPState', 'ROAMING', 'FIND_DOOR', 'MOWING']
[DEBUG]2024-05-28 18:02:11,251: ['InitPState', 'ROAMING', 'FIND_DOOR', 'MOWING']
[DEBUG]2024-05-28 18:02:11,251: ['InitPState', 'ROAMING', 'FIND_DOOR', 'MOWING']
[DEBUG]2024-05-28 18:02:11,251: ['InitPState', 'ROAMING', 'FIND_DOOR', 'MOWING']
[DEBUG]2024-05-28 18:02:11,251: ['InitPState', 'ROAMING', 'FIND_DOOR', 'MOWING']
[DEBUG]2024-05-28 18:02:11,251: ['InitPState', 'ROAMING', 'FIND_DOOR', 'MOWING']
[DEBUG]2024-05-28 18:02:11,251: ['InitPState', 'ROAMING', 'FIND_DOOR', 'MOWING']
[DEBUG]2024-05-28 18:02:11,251: ['InitPState', 'ROAMING', 'FIND_DOOR', 'MOWING']
[DEBUG]2024-05-28 18:02:11,251: ['InitPState', 'ROAMING', 'FIND_DOOR', 'MOWING']
[DEBUG]2024-05-28 18:02:11,251: ['InitPState', 'ROAMING', 'FIND_DOOR', 'MOWING']
[DEBUG]2024-05-28 18:02:11,252: 
static const char *StateNames[] = {
	"InitPState",
	"ROAMING",
	"FIND_DOOR",
	"MOWING",
};


[DEBUG]2024-05-28 18:02:11,252: 
static const char *StateNames[] = {
	"InitPState",
	"ROAMING",
	"FIND_DOOR",
	"MOWING",
};


[DEBUG]2024-05-28 18:02:11,252: 
static const char *StateNames[] = {
	"InitPState",
	"ROAMING",
	"FIND_DOOR",
	"MOWING",
};


[DEBUG]2024-05-28 18:02:11,252: 
static const char *StateNames[] = {
	"InitPState",
	"ROAMING",
	"FIND_DOOR",
	"MOWING",
};


[DEBUG]2024-05-28 18:02:11,252: 
static const char *StateNames[] = {
	"InitPState",
	"ROAMING",
	"FIND_DOOR",
	"MOWING",
};


[DEBUG]2024-05-28 18:02:11,252: 
static const char *StateNames[] = {
	"InitPState",
	"ROAMING",
	"FIND_DOOR",
	"MOWING",
};


[DEBUG]2024-05-28 18:02:11,252: 
static const char *StateNames[] = {
	"InitPState",
	"ROAMING",
	"FIND_DOOR",
	"MOWING",
};


[DEBUG]2024-05-28 18:02:11,252: 
static const char *StateNames[] = {
	"InitPState",
	"ROAMING",
	"FIND_DOOR",
	"MOWING",
};


[DEBUG]2024-05-28 18:02:11,252: 
static const char *StateNames[] = {
	"InitPState",
	"ROAMING",
	"FIND_DOOR",
	"MOWING",
};


[DEBUG]2024-05-28 18:02:11,252: 
static const char *StateNames[] = {
	"InitPState",
	"ROAMING",
	"FIND_DOOR",
	"MOWING",
};


[DEBUG]2024-05-28 18:02:11,252: 
static const char *StateNames[] = {
	"InitPState",
	"ROAMING",
	"FIND_DOOR",
	"MOWING",
};


[DEBUG]2024-05-28 18:02:11,252: 
static const char *StateNames[] = {
	"InitPState",
	"ROAMING",
	"FIND_DOOR",
	"MOWING",
};


[DEBUG]2024-05-28 18:02:11,252: 
static const char *StateNames[] = {
	"InitPState",
	"ROAMING",
	"FIND_DOOR",
	"MOWING",
};


[DEBUG]2024-05-28 18:02:11,252: 
static const char *StateNames[] = {
	"InitPState",
	"ROAMING",
	"FIND_DOOR",
	"MOWING",
};


[DEBUG]2024-05-28 18:02:11,252: 
static const char *StateNames[] = {
	"InitPState",
	"ROAMING",
	"FIND_DOOR",
	"MOWING",
};


[DEBUG]2024-05-28 18:02:11,252: 
static const char *StateNames[] = {
	"InitPState",
	"ROAMING",
	"FIND_DOOR",
	"MOWING",
};


[DEBUG]2024-05-28 18:02:11,252: 
static const char *StateNames[] = {
	"InitPState",
	"ROAMING",
	"FIND_DOOR",
	"MOWING",
};


[DEBUG]2024-05-28 18:02:11,252: 
static const char *StateNames[] = {
	"InitPState",
	"ROAMING",
	"FIND_DOOR",
	"MOWING",
};


[DEBUG]2024-05-28 18:02:11,252: 
static const char *StateNames[] = {
	"InitPState",
	"ROAMING",
	"FIND_DOOR",
	"MOWING",
};


[DEBUG]2024-05-28 18:02:11,252: 
static const char *StateNames[] = {
	"InitPState",
	"ROAMING",
	"FIND_DOOR",
	"MOWING",
};


[DEBUG]2024-05-28 18:02:11,252: 
static const char *StateNames[] = {
	"InitPState",
	"ROAMING",
	"FIND_DOOR",
	"MOWING",
};


[DEBUG]2024-05-28 18:02:11,253: <re.Match object; span=(1802, 1869), match='typedef enum {\n    InitPSubState,\n    TEST_TW,\>
[DEBUG]2024-05-28 18:02:11,253: <re.Match object; span=(1802, 1869), match='typedef enum {\n    InitPSubState,\n    TEST_TW,\>
[DEBUG]2024-05-28 18:02:11,253: <re.Match object; span=(1802, 1869), match='typedef enum {\n    InitPSubState,\n    TEST_TW,\>
[DEBUG]2024-05-28 18:02:11,253: <re.Match object; span=(1802, 1869), match='typedef enum {\n    InitPSubState,\n    TEST_TW,\>
[DEBUG]2024-05-28 18:02:11,253: <re.Match object; span=(1802, 1869), match='typedef enum {\n    InitPSubState,\n    TEST_TW,\>
[DEBUG]2024-05-28 18:02:11,253: <re.Match object; span=(1802, 1869), match='typedef enum {\n    InitPSubState,\n    TEST_TW,\>
[DEBUG]2024-05-28 18:02:11,253: <re.Match object; span=(1802, 1869), match='typedef enum {\n    InitPSubState,\n    TEST_TW,\>
[DEBUG]2024-05-28 18:02:11,253: <re.Match object; span=(1802, 1869), match='typedef enum {\n    InitPSubState,\n    TEST_TW,\>
[DEBUG]2024-05-28 18:02:11,253: <re.Match object; span=(1802, 1869), match='typedef enum {\n    InitPSubState,\n    TEST_TW,\>
[DEBUG]2024-05-28 18:02:11,253: <re.Match object; span=(1802, 1869), match='typedef enum {\n    InitPSubState,\n    TEST_TW,\>
[DEBUG]2024-05-28 18:02:11,253: <re.Match object; span=(1802, 1869), match='typedef enum {\n    InitPSubState,\n    TEST_TW,\>
[DEBUG]2024-05-28 18:02:11,253: <re.Match object; span=(1802, 1869), match='typedef enum {\n    InitPSubState,\n    TEST_TW,\>
[DEBUG]2024-05-28 18:02:11,253: <re.Match object; span=(1802, 1869), match='typedef enum {\n    InitPSubState,\n    TEST_TW,\>
[DEBUG]2024-05-28 18:02:11,253: <re.Match object; span=(1802, 1869), match='typedef enum {\n    InitPSubState,\n    TEST_TW,\>
[DEBUG]2024-05-28 18:02:11,253: <re.Match object; span=(1802, 1869), match='typedef enum {\n    InitPSubState,\n    TEST_TW,\>
[DEBUG]2024-05-28 18:02:11,253: <re.Match object; span=(1802, 1869), match='typedef enum {\n    InitPSubState,\n    TEST_TW,\>
[DEBUG]2024-05-28 18:02:11,253: <re.Match object; span=(1802, 1869), match='typedef enum {\n    InitPSubState,\n    TEST_TW,\>
[DEBUG]2024-05-28 18:02:11,253: <re.Match object; span=(1802, 1869), match='typedef enum {\n    InitPSubState,\n    TEST_TW,\>
[DEBUG]2024-05-28 18:02:11,253: <re.Match object; span=(1802, 1869), match='typedef enum {\n    InitPSubState,\n    TEST_TW,\>
[DEBUG]2024-05-28 18:02:11,253: <re.Match object; span=(1802, 1869), match='typedef enum {\n    InitPSubState,\n    TEST_TW,\>
[DEBUG]2024-05-28 18:02:11,253: <re.Match object; span=(1802, 1869), match='typedef enum {\n    InitPSubState,\n    TEST_TW,\>
[DEBUG]2024-05-28 18:02:11,253: <re.Match object; span=(1802, 1869), match='typedef enum {\n    InitPSubState,\n    TEST_TW,\>
[DEBUG]2024-05-28 18:02:11,254: ['InitPSubState', 'TEST_TW']
[DEBUG]2024-05-28 18:02:11,254: ['InitPSubState', 'TEST_TW']
[DEBUG]2024-05-28 18:02:11,254: ['InitPSubState', 'TEST_TW']
[DEBUG]2024-05-28 18:02:11,254: ['InitPSubState', 'TEST_TW']
[DEBUG]2024-05-28 18:02:11,254: ['InitPSubState', 'TEST_TW']
[DEBUG]2024-05-28 18:02:11,254: ['InitPSubState', 'TEST_TW']
[DEBUG]2024-05-28 18:02:11,254: ['InitPSubState', 'TEST_TW']
[DEBUG]2024-05-28 18:02:11,254: ['InitPSubState', 'TEST_TW']
[DEBUG]2024-05-28 18:02:11,254: ['InitPSubState', 'TEST_TW']
[DEBUG]2024-05-28 18:02:11,254: ['InitPSubState', 'TEST_TW']
[DEBUG]2024-05-28 18:02:11,254: ['InitPSubState', 'TEST_TW']
[DEBUG]2024-05-28 18:02:11,254: ['InitPSubState', 'TEST_TW']
[DEBUG]2024-05-28 18:02:11,254: ['InitPSubState', 'TEST_TW']
[DEBUG]2024-05-28 18:02:11,254: ['InitPSubState', 'TEST_TW']
[DEBUG]2024-05-28 18:02:11,254: ['InitPSubState', 'TEST_TW']
[DEBUG]2024-05-28 18:02:11,254: ['InitPSubState', 'TEST_TW']
[DEBUG]2024-05-28 18:02:11,254: ['InitPSubState', 'TEST_TW']
[DEBUG]2024-05-28 18:02:11,254: ['InitPSubState', 'TEST_TW']
[DEBUG]2024-05-28 18:02:11,254: ['InitPSubState', 'TEST_TW']
[DEBUG]2024-05-28 18:02:11,254: ['InitPSubState', 'TEST_TW']
[DEBUG]2024-05-28 18:02:11,254: ['InitPSubState', 'TEST_TW']
[DEBUG]2024-05-28 18:02:11,254: ['InitPSubState', 'TEST_TW']
[DEBUG]2024-05-28 18:02:11,255: 
static const char *StateNames[] = {
	"InitPSubState",
	"TEST_TW",
};


[DEBUG]2024-05-28 18:02:11,255: 
static const char *StateNames[] = {
	"InitPSubState",
	"TEST_TW",
};


[DEBUG]2024-05-28 18:02:11,255: 
static const char *StateNames[] = {
	"InitPSubState",
	"TEST_TW",
};


[DEBUG]2024-05-28 18:02:11,255: 
static const char *StateNames[] = {
	"InitPSubState",
	"TEST_TW",
};


[DEBUG]2024-05-28 18:02:11,255: 
static const char *StateNames[] = {
	"InitPSubState",
	"TEST_TW",
};


[DEBUG]2024-05-28 18:02:11,255: 
static const char *StateNames[] = {
	"InitPSubState",
	"TEST_TW",
};


[DEBUG]2024-05-28 18:02:11,255: 
static const char *StateNames[] = {
	"InitPSubState",
	"TEST_TW",
};


[DEBUG]2024-05-28 18:02:11,255: 
static const char *StateNames[] = {
	"InitPSubState",
	"TEST_TW",
};


[DEBUG]2024-05-28 18:02:11,255: 
static const char *StateNames[] = {
	"InitPSubState",
	"TEST_TW",
};


[DEBUG]2024-05-28 18:02:11,255: 
static const char *StateNames[] = {
	"InitPSubState",
	"TEST_TW",
};


[DEBUG]2024-05-28 18:02:11,255: 
static const char *StateNames[] = {
	"InitPSubState",
	"TEST_TW",
};


[DEBUG]2024-05-28 18:02:11,255: 
static const char *StateNames[] = {
	"InitPSubState",
	"TEST_TW",
};


[DEBUG]2024-05-28 18:02:11,255: 
static const char *StateNames[] = {
	"InitPSubState",
	"TEST_TW",
};


[DEBUG]2024-05-28 18:02:11,255: 
static const char *StateNames[] = {
	"InitPSubState",
	"TEST_TW",
};


[DEBUG]2024-05-28 18:02:11,255: 
static const char *StateNames[] = {
	"InitPSubState",
	"TEST_TW",
};


[DEBUG]2024-05-28 18:02:11,255: 
static const char *StateNames[] = {
	"InitPSubState",
	"TEST_TW",
};


[DEBUG]2024-05-28 18:02:11,255: 
static const char *StateNames[] = {
	"InitPSubState",
	"TEST_TW",
};


[DEBUG]2024-05-28 18:02:11,255: 
static const char *StateNames[] = {
	"InitPSubState",
	"TEST_TW",
};


[DEBUG]2024-05-28 18:02:11,255: 
static const char *StateNames[] = {
	"InitPSubState",
	"TEST_TW",
};


[DEBUG]2024-05-28 18:02:11,255: 
static const char *StateNames[] = {
	"InitPSubState",
	"TEST_TW",
};


[DEBUG]2024-05-28 18:02:11,255: 
static const char *StateNames[] = {
	"InitPSubState",
	"TEST_TW",
};


[DEBUG]2024-05-28 18:02:11,255: 
static const char *StateNames[] = {
	"InitPSubState",
	"TEST_TW",
};


[DEBUG]2024-05-28 18:02:11,256: <re.Match object; span=(1581, 1698), match='typedef enum {\n    InitPSubState,\n    FORWARD,\>
[DEBUG]2024-05-28 18:02:11,256: <re.Match object; span=(1581, 1698), match='typedef enum {\n    InitPSubState,\n    FORWARD,\>
[DEBUG]2024-05-28 18:02:11,256: <re.Match object; span=(1581, 1698), match='typedef enum {\n    InitPSubState,\n    FORWARD,\>
[DEBUG]2024-05-28 18:02:11,256: <re.Match object; span=(1581, 1698), match='typedef enum {\n    InitPSubState,\n    FORWARD,\>
[DEBUG]2024-05-28 18:02:11,256: <re.Match object; span=(1581, 1698), match='typedef enum {\n    InitPSubState,\n    FORWARD,\>
[DEBUG]2024-05-28 18:02:11,256: <re.Match object; span=(1581, 1698), match='typedef enum {\n    InitPSubState,\n    FORWARD,\>
[DEBUG]2024-05-28 18:02:11,256: <re.Match object; span=(1581, 1698), match='typedef enum {\n    InitPSubState,\n    FORWARD,\>
[DEBUG]2024-05-28 18:02:11,256: <re.Match object; span=(1581, 1698), match='typedef enum {\n    InitPSubState,\n    FORWARD,\>
[DEBUG]2024-05-28 18:02:11,256: <re.Match object; span=(1581, 1698), match='typedef enum {\n    InitPSubState,\n    FORWARD,\>
[DEBUG]2024-05-28 18:02:11,256: <re.Match object; span=(1581, 1698), match='typedef enum {\n    InitPSubState,\n    FORWARD,\>
[DEBUG]2024-05-28 18:02:11,256: <re.Match object; span=(1581, 1698), match='typedef enum {\n    InitPSubState,\n    FORWARD,\>
[DEBUG]2024-05-28 18:02:11,256: <re.Match object; span=(1581, 1698), match='typedef enum {\n    InitPSubState,\n    FORWARD,\>
[DEBUG]2024-05-28 18:02:11,256: <re.Match object; span=(1581, 1698), match='typedef enum {\n    InitPSubState,\n    FORWARD,\>
[DEBUG]2024-05-28 18:02:11,256: <re.Match object; span=(1581, 1698), match='typedef enum {\n    InitPSubState,\n    FORWARD,\>
[DEBUG]2024-05-28 18:02:11,256: <re.Match object; span=(1581, 1698), match='typedef enum {\n    InitPSubState,\n    FORWARD,\>
[DEBUG]2024-05-28 18:02:11,256: <re.Match object; span=(1581, 1698), match='typedef enum {\n    InitPSubState,\n    FORWARD,\>
[DEBUG]2024-05-28 18:02:11,256: <re.Match object; span=(1581, 1698), match='typedef enum {\n    InitPSubState,\n    FORWARD,\>
[DEBUG]2024-05-28 18:02:11,256: <re.Match object; span=(1581, 1698), match='typedef enum {\n    InitPSubState,\n    FORWARD,\>
[DEBUG]2024-05-28 18:02:11,256: <re.Match object; span=(1581, 1698), match='typedef enum {\n    InitPSubState,\n    FORWARD,\>
[DEBUG]2024-05-28 18:02:11,256: <re.Match object; span=(1581, 1698), match='typedef enum {\n    InitPSubState,\n    FORWARD,\>
[DEBUG]2024-05-28 18:02:11,256: <re.Match object; span=(1581, 1698), match='typedef enum {\n    InitPSubState,\n    FORWARD,\>
[DEBUG]2024-05-28 18:02:11,256: <re.Match object; span=(1581, 1698), match='typedef enum {\n    InitPSubState,\n    FORWARD,\>
[DEBUG]2024-05-28 18:02:11,256: <re.Match object; span=(1581, 1698), match='typedef enum {\n    InitPSubState,\n    FORWARD,\>
[DEBUG]2024-05-28 18:02:11,257: ['InitPSubState', 'FORWARD', 'ALIGN', 'CORNER_TURN']
[DEBUG]2024-05-28 18:02:11,257: ['InitPSubState', 'FORWARD', 'ALIGN', 'CORNER_TURN']
[DEBUG]2024-05-28 18:02:11,257: ['InitPSubState', 'FORWARD', 'ALIGN', 'CORNER_TURN']
[DEBUG]2024-05-28 18:02:11,257: ['InitPSubState', 'FORWARD', 'ALIGN', 'CORNER_TURN']
[DEBUG]2024-05-28 18:02:11,257: ['InitPSubState', 'FORWARD', 'ALIGN', 'CORNER_TURN']
[DEBUG]2024-05-28 18:02:11,257: ['InitPSubState', 'FORWARD', 'ALIGN', 'CORNER_TURN']
[DEBUG]2024-05-28 18:02:11,257: ['InitPSubState', 'FORWARD', 'ALIGN', 'CORNER_TURN']
[DEBUG]2024-05-28 18:02:11,257: ['InitPSubState', 'FORWARD', 'ALIGN', 'CORNER_TURN']
[DEBUG]2024-05-28 18:02:11,257: ['InitPSubState', 'FORWARD', 'ALIGN', 'CORNER_TURN']
[DEBUG]2024-05-28 18:02:11,257: ['InitPSubState', 'FORWARD', 'ALIGN', 'CORNER_TURN']
[DEBUG]2024-05-28 18:02:11,257: ['InitPSubState', 'FORWARD', 'ALIGN', 'CORNER_TURN']
[DEBUG]2024-05-28 18:02:11,257: ['InitPSubState', 'FORWARD', 'ALIGN', 'CORNER_TURN']
[DEBUG]2024-05-28 18:02:11,257: ['InitPSubState', 'FORWARD', 'ALIGN', 'CORNER_TURN']
[DEBUG]2024-05-28 18:02:11,257: ['InitPSubState', 'FORWARD', 'ALIGN', 'CORNER_TURN']
[DEBUG]2024-05-28 18:02:11,257: ['InitPSubState', 'FORWARD', 'ALIGN', 'CORNER_TURN']
[DEBUG]2024-05-28 18:02:11,257: ['InitPSubState', 'FORWARD', 'ALIGN', 'CORNER_TURN']
[DEBUG]2024-05-28 18:02:11,257: ['InitPSubState', 'FORWARD', 'ALIGN', 'CORNER_TURN']
[DEBUG]2024-05-28 18:02:11,257: ['InitPSubState', 'FORWARD', 'ALIGN', 'CORNER_TURN']
[DEBUG]2024-05-28 18:02:11,257: ['InitPSubState', 'FORWARD', 'ALIGN', 'CORNER_TURN']
[DEBUG]2024-05-28 18:02:11,257: ['InitPSubState', 'FORWARD', 'ALIGN', 'CORNER_TURN']
[DEBUG]2024-05-28 18:02:11,257: ['InitPSubState', 'FORWARD', 'ALIGN', 'CORNER_TURN']
[DEBUG]2024-05-28 18:02:11,257: ['InitPSubState', 'FORWARD', 'ALIGN', 'CORNER_TURN']
[DEBUG]2024-05-28 18:02:11,257: ['InitPSubState', 'FORWARD', 'ALIGN', 'CORNER_TURN']
[DEBUG]2024-05-28 18:02:11,258: 
static const char *StateNames[] = {
	"InitPSubState",
	"FORWARD",
	"ALIGN",
	"CORNER_TURN",
};


[DEBUG]2024-05-28 18:02:11,258: 
static const char *StateNames[] = {
	"InitPSubState",
	"FORWARD",
	"ALIGN",
	"CORNER_TURN",
};


[DEBUG]2024-05-28 18:02:11,258: 
static const char *StateNames[] = {
	"InitPSubState",
	"FORWARD",
	"ALIGN",
	"CORNER_TURN",
};


[DEBUG]2024-05-28 18:02:11,258: 
static const char *StateNames[] = {
	"InitPSubState",
	"FORWARD",
	"ALIGN",
	"CORNER_TURN",
};


[DEBUG]2024-05-28 18:02:11,258: 
static const char *StateNames[] = {
	"InitPSubState",
	"FORWARD",
	"ALIGN",
	"CORNER_TURN",
};


[DEBUG]2024-05-28 18:02:11,258: 
static const char *StateNames[] = {
	"InitPSubState",
	"FORWARD",
	"ALIGN",
	"CORNER_TURN",
};


[DEBUG]2024-05-28 18:02:11,258: 
static const char *StateNames[] = {
	"InitPSubState",
	"FORWARD",
	"ALIGN",
	"CORNER_TURN",
};


[DEBUG]2024-05-28 18:02:11,258: 
static const char *StateNames[] = {
	"InitPSubState",
	"FORWARD",
	"ALIGN",
	"CORNER_TURN",
};


[DEBUG]2024-05-28 18:02:11,258: 
static const char *StateNames[] = {
	"InitPSubState",
	"FORWARD",
	"ALIGN",
	"CORNER_TURN",
};


[DEBUG]2024-05-28 18:02:11,258: 
static const char *StateNames[] = {
	"InitPSubState",
	"FORWARD",
	"ALIGN",
	"CORNER_TURN",
};


[DEBUG]2024-05-28 18:02:11,258: 
static const char *StateNames[] = {
	"InitPSubState",
	"FORWARD",
	"ALIGN",
	"CORNER_TURN",
};


[DEBUG]2024-05-28 18:02:11,258: 
static const char *StateNames[] = {
	"InitPSubState",
	"FORWARD",
	"ALIGN",
	"CORNER_TURN",
};


[DEBUG]2024-05-28 18:02:11,258: 
static const char *StateNames[] = {
	"InitPSubState",
	"FORWARD",
	"ALIGN",
	"CORNER_TURN",
};


[DEBUG]2024-05-28 18:02:11,258: 
static const char *StateNames[] = {
	"InitPSubState",
	"FORWARD",
	"ALIGN",
	"CORNER_TURN",
};


[DEBUG]2024-05-28 18:02:11,258: 
static const char *StateNames[] = {
	"InitPSubState",
	"FORWARD",
	"ALIGN",
	"CORNER_TURN",
};


[DEBUG]2024-05-28 18:02:11,258: 
static const char *StateNames[] = {
	"InitPSubState",
	"FORWARD",
	"ALIGN",
	"CORNER_TURN",
};


[DEBUG]2024-05-28 18:02:11,258: 
static const char *StateNames[] = {
	"InitPSubState",
	"FORWARD",
	"ALIGN",
	"CORNER_TURN",
};


[DEBUG]2024-05-28 18:02:11,258: 
static const char *StateNames[] = {
	"InitPSubState",
	"FORWARD",
	"ALIGN",
	"CORNER_TURN",
};


[DEBUG]2024-05-28 18:02:11,258: 
static const char *StateNames[] = {
	"InitPSubState",
	"FORWARD",
	"ALIGN",
	"CORNER_TURN",
};


[DEBUG]2024-05-28 18:02:11,258: 
static const char *StateNames[] = {
	"InitPSubState",
	"FORWARD",
	"ALIGN",
	"CORNER_TURN",
};


[DEBUG]2024-05-28 18:02:11,258: 
static const char *StateNames[] = {
	"InitPSubState",
	"FORWARD",
	"ALIGN",
	"CORNER_TURN",
};


[DEBUG]2024-05-28 18:02:11,258: 
static const char *StateNames[] = {
	"InitPSubState",
	"FORWARD",
	"ALIGN",
	"CORNER_TURN",
};


[DEBUG]2024-05-28 18:02:11,258: 
static const char *StateNames[] = {
	"InitPSubState",
	"FORWARD",
	"ALIGN",
	"CORNER_TURN",
};


[DEBUG]2024-05-28 18:02:11,260: None
[DEBUG]2024-05-28 18:02:11,260: None
[DEBUG]2024-05-28 18:02:11,260: None
[DEBUG]2024-05-28 18:02:11,260: None
[DEBUG]2024-05-28 18:02:11,260: None
[DEBUG]2024-05-28 18:02:11,260: None
[DEBUG]2024-05-28 18:02:11,260: None
[DEBUG]2024-05-28 18:02:11,260: None
[DEBUG]2024-05-28 18:02:11,260: None
[DEBUG]2024-05-28 18:02:11,260: None
[DEBUG]2024-05-28 18:02:11,260: None
[DEBUG]2024-05-28 18:02:11,260: None
[DEBUG]2024-05-28 18:02:11,260: None
[DEBUG]2024-05-28 18:02:11,260: None
[DEBUG]2024-05-28 18:02:11,260: None
[DEBUG]2024-05-28 18:02:11,260: None
[DEBUG]2024-05-28 18:02:11,260: None
[DEBUG]2024-05-28 18:02:11,260: None
[DEBUG]2024-05-28 18:02:11,260: None
[DEBUG]2024-05-28 18:02:11,260: None
[DEBUG]2024-05-28 18:02:11,260: None
[DEBUG]2024-05-28 18:02:11,260: None
[DEBUG]2024-05-28 18:02:11,260: None
[DEBUG]2024-05-28 18:02:11,260: None
[DEBUG]2024-05-28 18:02:11,263: <re.Match object; span=(1648, 1811), match='typedef enum {\n    InitPSubState,\n    FIND_TAPE>
[DEBUG]2024-05-28 18:02:11,263: <re.Match object; span=(1648, 1811), match='typedef enum {\n    InitPSubState,\n    FIND_TAPE>
[DEBUG]2024-05-28 18:02:11,263: <re.Match object; span=(1648, 1811), match='typedef enum {\n    InitPSubState,\n    FIND_TAPE>
[DEBUG]2024-05-28 18:02:11,263: <re.Match object; span=(1648, 1811), match='typedef enum {\n    InitPSubState,\n    FIND_TAPE>
[DEBUG]2024-05-28 18:02:11,263: <re.Match object; span=(1648, 1811), match='typedef enum {\n    InitPSubState,\n    FIND_TAPE>
[DEBUG]2024-05-28 18:02:11,263: <re.Match object; span=(1648, 1811), match='typedef enum {\n    InitPSubState,\n    FIND_TAPE>
[DEBUG]2024-05-28 18:02:11,263: <re.Match object; span=(1648, 1811), match='typedef enum {\n    InitPSubState,\n    FIND_TAPE>
[DEBUG]2024-05-28 18:02:11,263: <re.Match object; span=(1648, 1811), match='typedef enum {\n    InitPSubState,\n    FIND_TAPE>
[DEBUG]2024-05-28 18:02:11,263: <re.Match object; span=(1648, 1811), match='typedef enum {\n    InitPSubState,\n    FIND_TAPE>
[DEBUG]2024-05-28 18:02:11,263: <re.Match object; span=(1648, 1811), match='typedef enum {\n    InitPSubState,\n    FIND_TAPE>
[DEBUG]2024-05-28 18:02:11,263: <re.Match object; span=(1648, 1811), match='typedef enum {\n    InitPSubState,\n    FIND_TAPE>
[DEBUG]2024-05-28 18:02:11,263: <re.Match object; span=(1648, 1811), match='typedef enum {\n    InitPSubState,\n    FIND_TAPE>
[DEBUG]2024-05-28 18:02:11,263: <re.Match object; span=(1648, 1811), match='typedef enum {\n    InitPSubState,\n    FIND_TAPE>
[DEBUG]2024-05-28 18:02:11,263: <re.Match object; span=(1648, 1811), match='typedef enum {\n    InitPSubState,\n    FIND_TAPE>
[DEBUG]2024-05-28 18:02:11,263: <re.Match object; span=(1648, 1811), match='typedef enum {\n    InitPSubState,\n    FIND_TAPE>
[DEBUG]2024-05-28 18:02:11,263: <re.Match object; span=(1648, 1811), match='typedef enum {\n    InitPSubState,\n    FIND_TAPE>
[DEBUG]2024-05-28 18:02:11,263: <re.Match object; span=(1648, 1811), match='typedef enum {\n    InitPSubState,\n    FIND_TAPE>
[DEBUG]2024-05-28 18:02:11,263: <re.Match object; span=(1648, 1811), match='typedef enum {\n    InitPSubState,\n    FIND_TAPE>
[DEBUG]2024-05-28 18:02:11,263: <re.Match object; span=(1648, 1811), match='typedef enum {\n    InitPSubState,\n    FIND_TAPE>
[DEBUG]2024-05-28 18:02:11,263: <re.Match object; span=(1648, 1811), match='typedef enum {\n    InitPSubState,\n    FIND_TAPE>
[DEBUG]2024-05-28 18:02:11,263: <re.Match object; span=(1648, 1811), match='typedef enum {\n    InitPSubState,\n    FIND_TAPE>
[DEBUG]2024-05-28 18:02:11,263: <re.Match object; span=(1648, 1811), match='typedef enum {\n    InitPSubState,\n    FIND_TAPE>
[DEBUG]2024-05-28 18:02:11,263: <re.Match object; span=(1648, 1811), match='typedef enum {\n    InitPSubState,\n    FIND_TAPE>
[DEBUG]2024-05-28 18:02:11,263: <re.Match object; span=(1648, 1811), match='typedef enum {\n    InitPSubState,\n    FIND_TAPE>
[DEBUG]2024-05-28 18:02:11,263: <re.Match object; span=(1648, 1811), match='typedef enum {\n    InitPSubState,\n    FIND_TAPE>
[DEBUG]2024-05-28 18:02:11,264: ['InitPSubState', 'FIND_TAPE', 'ALIGN', 'FOLLOW_TAPE', 'CORNER_TURN', 'BUMPER_HANDLER', 'TRACK_WIRE_SEQUENCE']
[DEBUG]2024-05-28 18:02:11,264: ['InitPSubState', 'FIND_TAPE', 'ALIGN', 'FOLLOW_TAPE', 'CORNER_TURN', 'BUMPER_HANDLER', 'TRACK_WIRE_SEQUENCE']
[DEBUG]2024-05-28 18:02:11,264: ['InitPSubState', 'FIND_TAPE', 'ALIGN', 'FOLLOW_TAPE', 'CORNER_TURN', 'BUMPER_HANDLER', 'TRACK_WIRE_SEQUENCE']
[DEBUG]2024-05-28 18:02:11,264: ['InitPSubState', 'FIND_TAPE', 'ALIGN', 'FOLLOW_TAPE', 'CORNER_TURN', 'BUMPER_HANDLER', 'TRACK_WIRE_SEQUENCE']
[DEBUG]2024-05-28 18:02:11,264: ['InitPSubState', 'FIND_TAPE', 'ALIGN', 'FOLLOW_TAPE', 'CORNER_TURN', 'BUMPER_HANDLER', 'TRACK_WIRE_SEQUENCE']
[DEBUG]2024-05-28 18:02:11,264: ['InitPSubState', 'FIND_TAPE', 'ALIGN', 'FOLLOW_TAPE', 'CORNER_TURN', 'BUMPER_HANDLER', 'TRACK_WIRE_SEQUENCE']
[DEBUG]2024-05-28 18:02:11,264: ['InitPSubState', 'FIND_TAPE', 'ALIGN', 'FOLLOW_TAPE', 'CORNER_TURN', 'BUMPER_HANDLER', 'TRACK_WIRE_SEQUENCE']
[DEBUG]2024-05-28 18:02:11,264: ['InitPSubState', 'FIND_TAPE', 'ALIGN', 'FOLLOW_TAPE', 'CORNER_TURN', 'BUMPER_HANDLER', 'TRACK_WIRE_SEQUENCE']
[DEBUG]2024-05-28 18:02:11,264: ['InitPSubState', 'FIND_TAPE', 'ALIGN', 'FOLLOW_TAPE', 'CORNER_TURN', 'BUMPER_HANDLER', 'TRACK_WIRE_SEQUENCE']
[DEBUG]2024-05-28 18:02:11,264: ['InitPSubState', 'FIND_TAPE', 'ALIGN', 'FOLLOW_TAPE', 'CORNER_TURN', 'BUMPER_HANDLER', 'TRACK_WIRE_SEQUENCE']
[DEBUG]2024-05-28 18:02:11,264: ['InitPSubState', 'FIND_TAPE', 'ALIGN', 'FOLLOW_TAPE', 'CORNER_TURN', 'BUMPER_HANDLER', 'TRACK_WIRE_SEQUENCE']
[DEBUG]2024-05-28 18:02:11,264: ['InitPSubState', 'FIND_TAPE', 'ALIGN', 'FOLLOW_TAPE', 'CORNER_TURN', 'BUMPER_HANDLER', 'TRACK_WIRE_SEQUENCE']
[DEBUG]2024-05-28 18:02:11,264: ['InitPSubState', 'FIND_TAPE', 'ALIGN', 'FOLLOW_TAPE', 'CORNER_TURN', 'BUMPER_HANDLER', 'TRACK_WIRE_SEQUENCE']
[DEBUG]2024-05-28 18:02:11,264: ['InitPSubState', 'FIND_TAPE', 'ALIGN', 'FOLLOW_TAPE', 'CORNER_TURN', 'BUMPER_HANDLER', 'TRACK_WIRE_SEQUENCE']
[DEBUG]2024-05-28 18:02:11,264: ['InitPSubState', 'FIND_TAPE', 'ALIGN', 'FOLLOW_TAPE', 'CORNER_TURN', 'BUMPER_HANDLER', 'TRACK_WIRE_SEQUENCE']
[DEBUG]2024-05-28 18:02:11,264: ['InitPSubState', 'FIND_TAPE', 'ALIGN', 'FOLLOW_TAPE', 'CORNER_TURN', 'BUMPER_HANDLER', 'TRACK_WIRE_SEQUENCE']
[DEBUG]2024-05-28 18:02:11,264: ['InitPSubState', 'FIND_TAPE', 'ALIGN', 'FOLLOW_TAPE', 'CORNER_TURN', 'BUMPER_HANDLER', 'TRACK_WIRE_SEQUENCE']
[DEBUG]2024-05-28 18:02:11,264: ['InitPSubState', 'FIND_TAPE', 'ALIGN', 'FOLLOW_TAPE', 'CORNER_TURN', 'BUMPER_HANDLER', 'TRACK_WIRE_SEQUENCE']
[DEBUG]2024-05-28 18:02:11,264: ['InitPSubState', 'FIND_TAPE', 'ALIGN', 'FOLLOW_TAPE', 'CORNER_TURN', 'BUMPER_HANDLER', 'TRACK_WIRE_SEQUENCE']
[DEBUG]2024-05-28 18:02:11,264: ['InitPSubState', 'FIND_TAPE', 'ALIGN', 'FOLLOW_TAPE', 'CORNER_TURN', 'BUMPER_HANDLER', 'TRACK_WIRE_SEQUENCE']
[DEBUG]2024-05-28 18:02:11,264: ['InitPSubState', 'FIND_TAPE', 'ALIGN', 'FOLLOW_TAPE', 'CORNER_TURN', 'BUMPER_HANDLER', 'TRACK_WIRE_SEQUENCE']
[DEBUG]2024-05-28 18:02:11,264: ['InitPSubState', 'FIND_TAPE', 'ALIGN', 'FOLLOW_TAPE', 'CORNER_TURN', 'BUMPER_HANDLER', 'TRACK_WIRE_SEQUENCE']
[DEBUG]2024-05-28 18:02:11,264: ['InitPSubState', 'FIND_TAPE', 'ALIGN', 'FOLLOW_TAPE', 'CORNER_TURN', 'BUMPER_HANDLER', 'TRACK_WIRE_SEQUENCE']
[DEBUG]2024-05-28 18:02:11,264: ['InitPSubState', 'FIND_TAPE', 'ALIGN', 'FOLLOW_TAPE', 'CORNER_TURN', 'BUMPER_HANDLER', 'TRACK_WIRE_SEQUENCE']
[DEBUG]2024-05-28 18:02:11,264: ['InitPSubState', 'FIND_TAPE', 'ALIGN', 'FOLLOW_TAPE', 'CORNER_TURN', 'BUMPER_HANDLER', 'TRACK_WIRE_SEQUENCE']
[DEBUG]2024-05-28 18:02:11,265: 
static const char *StateNames[] = {
	"InitPSubState",
	"FIND_TAPE",
	"ALIGN",
	"FOLLOW_TAPE",
	"CORNER_TURN",
	"BUMPER_HANDLER",
	"TRACK_WIRE_SEQUENCE",
};


[DEBUG]2024-05-28 18:02:11,265: 
static const char *StateNames[] = {
	"InitPSubState",
	"FIND_TAPE",
	"ALIGN",
	"FOLLOW_TAPE",
	"CORNER_TURN",
	"BUMPER_HANDLER",
	"TRACK_WIRE_SEQUENCE",
};


[DEBUG]2024-05-28 18:02:11,265: 
static const char *StateNames[] = {
	"InitPSubState",
	"FIND_TAPE",
	"ALIGN",
	"FOLLOW_TAPE",
	"CORNER_TURN",
	"BUMPER_HANDLER",
	"TRACK_WIRE_SEQUENCE",
};


[DEBUG]2024-05-28 18:02:11,265: 
static const char *StateNames[] = {
	"InitPSubState",
	"FIND_TAPE",
	"ALIGN",
	"FOLLOW_TAPE",
	"CORNER_TURN",
	"BUMPER_HANDLER",
	"TRACK_WIRE_SEQUENCE",
};


[DEBUG]2024-05-28 18:02:11,265: 
static const char *StateNames[] = {
	"InitPSubState",
	"FIND_TAPE",
	"ALIGN",
	"FOLLOW_TAPE",
	"CORNER_TURN",
	"BUMPER_HANDLER",
	"TRACK_WIRE_SEQUENCE",
};


[DEBUG]2024-05-28 18:02:11,265: 
static const char *StateNames[] = {
	"InitPSubState",
	"FIND_TAPE",
	"ALIGN",
	"FOLLOW_TAPE",
	"CORNER_TURN",
	"BUMPER_HANDLER",
	"TRACK_WIRE_SEQUENCE",
};


[DEBUG]2024-05-28 18:02:11,265: 
static const char *StateNames[] = {
	"InitPSubState",
	"FIND_TAPE",
	"ALIGN",
	"FOLLOW_TAPE",
	"CORNER_TURN",
	"BUMPER_HANDLER",
	"TRACK_WIRE_SEQUENCE",
};


[DEBUG]2024-05-28 18:02:11,265: 
static const char *StateNames[] = {
	"InitPSubState",
	"FIND_TAPE",
	"ALIGN",
	"FOLLOW_TAPE",
	"CORNER_TURN",
	"BUMPER_HANDLER",
	"TRACK_WIRE_SEQUENCE",
};


[DEBUG]2024-05-28 18:02:11,265: 
static const char *StateNames[] = {
	"InitPSubState",
	"FIND_TAPE",
	"ALIGN",
	"FOLLOW_TAPE",
	"CORNER_TURN",
	"BUMPER_HANDLER",
	"TRACK_WIRE_SEQUENCE",
};


[DEBUG]2024-05-28 18:02:11,265: 
static const char *StateNames[] = {
	"InitPSubState",
	"FIND_TAPE",
	"ALIGN",
	"FOLLOW_TAPE",
	"CORNER_TURN",
	"BUMPER_HANDLER",
	"TRACK_WIRE_SEQUENCE",
};


[DEBUG]2024-05-28 18:02:11,265: 
static const char *StateNames[] = {
	"InitPSubState",
	"FIND_TAPE",
	"ALIGN",
	"FOLLOW_TAPE",
	"CORNER_TURN",
	"BUMPER_HANDLER",
	"TRACK_WIRE_SEQUENCE",
};


[DEBUG]2024-05-28 18:02:11,265: 
static const char *StateNames[] = {
	"InitPSubState",
	"FIND_TAPE",
	"ALIGN",
	"FOLLOW_TAPE",
	"CORNER_TURN",
	"BUMPER_HANDLER",
	"TRACK_WIRE_SEQUENCE",
};


[DEBUG]2024-05-28 18:02:11,265: 
static const char *StateNames[] = {
	"InitPSubState",
	"FIND_TAPE",
	"ALIGN",
	"FOLLOW_TAPE",
	"CORNER_TURN",
	"BUMPER_HANDLER",
	"TRACK_WIRE_SEQUENCE",
};


[DEBUG]2024-05-28 18:02:11,265: 
static const char *StateNames[] = {
	"InitPSubState",
	"FIND_TAPE",
	"ALIGN",
	"FOLLOW_TAPE",
	"CORNER_TURN",
	"BUMPER_HANDLER",
	"TRACK_WIRE_SEQUENCE",
};


[DEBUG]2024-05-28 18:02:11,265: 
static const char *StateNames[] = {
	"InitPSubState",
	"FIND_TAPE",
	"ALIGN",
	"FOLLOW_TAPE",
	"CORNER_TURN",
	"BUMPER_HANDLER",
	"TRACK_WIRE_SEQUENCE",
};


[DEBUG]2024-05-28 18:02:11,265: 
static const char *StateNames[] = {
	"InitPSubState",
	"FIND_TAPE",
	"ALIGN",
	"FOLLOW_TAPE",
	"CORNER_TURN",
	"BUMPER_HANDLER",
	"TRACK_WIRE_SEQUENCE",
};


[DEBUG]2024-05-28 18:02:11,265: 
static const char *StateNames[] = {
	"InitPSubState",
	"FIND_TAPE",
	"ALIGN",
	"FOLLOW_TAPE",
	"CORNER_TURN",
	"BUMPER_HANDLER",
	"TRACK_WIRE_SEQUENCE",
};


[DEBUG]2024-05-28 18:02:11,265: 
static const char *StateNames[] = {
	"InitPSubState",
	"FIND_TAPE",
	"ALIGN",
	"FOLLOW_TAPE",
	"CORNER_TURN",
	"BUMPER_HANDLER",
	"TRACK_WIRE_SEQUENCE",
};


[DEBUG]2024-05-28 18:02:11,265: 
static const char *StateNames[] = {
	"InitPSubState",
	"FIND_TAPE",
	"ALIGN",
	"FOLLOW_TAPE",
	"CORNER_TURN",
	"BUMPER_HANDLER",
	"TRACK_WIRE_SEQUENCE",
};


[DEBUG]2024-05-28 18:02:11,265: 
static const char *StateNames[] = {
	"InitPSubState",
	"FIND_TAPE",
	"ALIGN",
	"FOLLOW_TAPE",
	"CORNER_TURN",
	"BUMPER_HANDLER",
	"TRACK_WIRE_SEQUENCE",
};


[DEBUG]2024-05-28 18:02:11,265: 
static const char *StateNames[] = {
	"InitPSubState",
	"FIND_TAPE",
	"ALIGN",
	"FOLLOW_TAPE",
	"CORNER_TURN",
	"BUMPER_HANDLER",
	"TRACK_WIRE_SEQUENCE",
};


[DEBUG]2024-05-28 18:02:11,265: 
static const char *StateNames[] = {
	"InitPSubState",
	"FIND_TAPE",
	"ALIGN",
	"FOLLOW_TAPE",
	"CORNER_TURN",
	"BUMPER_HANDLER",
	"TRACK_WIRE_SEQUENCE",
};


[DEBUG]2024-05-28 18:02:11,265: 
static const char *StateNames[] = {
	"InitPSubState",
	"FIND_TAPE",
	"ALIGN",
	"FOLLOW_TAPE",
	"CORNER_TURN",
	"BUMPER_HANDLER",
	"TRACK_WIRE_SEQUENCE",
};


[DEBUG]2024-05-28 18:02:11,265: 
static const char *StateNames[] = {
	"InitPSubState",
	"FIND_TAPE",
	"ALIGN",
	"FOLLOW_TAPE",
	"CORNER_TURN",
	"BUMPER_HANDLER",
	"TRACK_WIRE_SEQUENCE",
};


[DEBUG]2024-05-28 18:02:11,265: 
static const char *StateNames[] = {
	"InitPSubState",
	"FIND_TAPE",
	"ALIGN",
	"FOLLOW_TAPE",
	"CORNER_TURN",
	"BUMPER_HANDLER",
	"TRACK_WIRE_SEQUENCE",
};


[DEBUG]2024-05-28 18:02:11,267: None
[DEBUG]2024-05-28 18:02:11,267: None
[DEBUG]2024-05-28 18:02:11,267: None
[DEBUG]2024-05-28 18:02:11,267: None
[DEBUG]2024-05-28 18:02:11,267: None
[DEBUG]2024-05-28 18:02:11,267: None
[DEBUG]2024-05-28 18:02:11,267: None
[DEBUG]2024-05-28 18:02:11,267: None
[DEBUG]2024-05-28 18:02:11,267: None
[DEBUG]2024-05-28 18:02:11,267: None
[DEBUG]2024-05-28 18:02:11,267: None
[DEBUG]2024-05-28 18:02:11,267: None
[DEBUG]2024-05-28 18:02:11,267: None
[DEBUG]2024-05-28 18:02:11,267: None
[DEBUG]2024-05-28 18:02:11,267: None
[DEBUG]2024-05-28 18:02:11,267: None
[DEBUG]2024-05-28 18:02:11,267: None
[DEBUG]2024-05-28 18:02:11,267: None
[DEBUG]2024-05-28 18:02:11,267: None
[DEBUG]2024-05-28 18:02:11,267: None
[DEBUG]2024-05-28 18:02:11,267: None
[DEBUG]2024-05-28 18:02:11,267: None
[DEBUG]2024-05-28 18:02:11,267: None
[DEBUG]2024-05-28 18:02:11,267: None
[DEBUG]2024-05-28 18:02:11,267: None
[DEBUG]2024-05-28 18:02:11,267: None
[DEBUG]2024-05-28 18:07:42,460: <re.Match object; span=(1088, 1899), match='typedef enum {\n    ES_NO_EVENT, ES_ERROR, /* use>
[DEBUG]2024-05-28 18:07:42,460: ['ES_NO_EVENT', 'ES_ERROR', 'ES_INIT', 'ES_ENTRY', 'ES_EXIT', 'ES_KEYINPUT', 'ES_LISTEVENTS', 'ES_TIMEOUT', 'ES_TIMERACTIVE', 'ES_TIMERSTOPPED', 'TAPE_STATUS_CHANGE', 'TRACK_WIRE_FOUND', 'TRACK_WIRE_NOT_DETECTED', 'BIAS_CHANGE', 'BUMPER_STATUS_CHANGE', 'BATTERY_CONNECTED', 'BATTERY_DISCONNECTED', 'NUMBEROFEVENTS']
[DEBUG]2024-05-28 18:07:42,461: 
static const char *EventNames[] = {
	"ES_NO_EVENT",
	"ES_ERROR",
	"ES_INIT",
	"ES_ENTRY",
	"ES_EXIT",
	"ES_KEYINPUT",
	"ES_LISTEVENTS",
	"ES_TIMEOUT",
	"ES_TIMERACTIVE",
	"ES_TIMERSTOPPED",
	"TAPE_STATUS_CHANGE",
	"TRACK_WIRE_FOUND",
	"TRACK_WIRE_NOT_DETECTED",
	"BIAS_CHANGE",
	"BUMPER_STATUS_CHANGE",
	"BATTERY_CONNECTED",
	"BATTERY_DISCONNECTED",
	"NUMBEROFEVENTS",
};


[DEBUG]2024-05-28 18:07:42,462: None
[DEBUG]2024-05-28 18:07:42,462: None
[DEBUG]2024-05-28 18:07:42,463: None
[DEBUG]2024-05-28 18:07:42,463: None
[DEBUG]2024-05-28 18:07:42,463: None
[DEBUG]2024-05-28 18:07:42,464: None
[DEBUG]2024-05-28 18:07:42,464: None
[DEBUG]2024-05-28 18:07:42,464: None
[DEBUG]2024-05-28 18:07:42,464: None
[DEBUG]2024-05-28 18:07:42,464: None
[DEBUG]2024-05-28 18:07:42,464: None
[DEBUG]2024-05-28 18:07:42,464: None
[DEBUG]2024-05-28 18:07:42,464: None
[DEBUG]2024-05-28 18:07:42,464: None
[DEBUG]2024-05-28 18:07:42,465: None
[DEBUG]2024-05-28 18:07:42,465: None
[DEBUG]2024-05-28 18:07:42,465: None
[DEBUG]2024-05-28 18:07:42,465: None
[DEBUG]2024-05-28 18:07:42,465: None
[DEBUG]2024-05-28 18:07:42,465: None
[DEBUG]2024-05-28 18:07:42,466: None
[DEBUG]2024-05-28 18:07:42,466: None
[DEBUG]2024-05-28 18:07:42,466: None
[DEBUG]2024-05-28 18:07:42,466: None
[DEBUG]2024-05-28 18:07:42,466: None
[DEBUG]2024-05-28 18:07:42,466: None
[DEBUG]2024-05-28 18:07:42,466: None
[DEBUG]2024-05-28 18:07:42,467: None
[DEBUG]2024-05-28 18:07:42,467: None
[DEBUG]2024-05-28 18:07:42,467: None
[DEBUG]2024-05-28 18:07:42,467: None
[DEBUG]2024-05-28 18:07:42,467: None
[DEBUG]2024-05-28 18:07:42,467: None
[DEBUG]2024-05-28 18:07:42,467: None
[DEBUG]2024-05-28 18:07:42,467: None
[DEBUG]2024-05-28 18:07:42,467: None
[DEBUG]2024-05-28 18:07:42,467: None
[DEBUG]2024-05-28 18:07:42,467: None
[DEBUG]2024-05-28 18:07:42,467: None
[DEBUG]2024-05-28 18:07:42,467: None
[DEBUG]2024-05-28 18:07:42,467: None
[DEBUG]2024-05-28 18:07:42,467: None
[DEBUG]2024-05-28 18:07:42,467: None
[DEBUG]2024-05-28 18:07:42,467: None
[DEBUG]2024-05-28 18:07:42,468: None
[DEBUG]2024-05-28 18:07:42,468: None
[DEBUG]2024-05-28 18:07:42,468: None
[DEBUG]2024-05-28 18:07:42,468: None
[DEBUG]2024-05-28 18:07:42,468: None
[DEBUG]2024-05-28 18:07:42,468: None
[DEBUG]2024-05-28 18:07:42,468: None
[DEBUG]2024-05-28 18:07:42,468: None
[DEBUG]2024-05-28 18:07:42,468: None
[DEBUG]2024-05-28 18:07:42,468: None
[DEBUG]2024-05-28 18:07:42,470: None
[DEBUG]2024-05-28 18:07:42,470: None
[DEBUG]2024-05-28 18:07:42,470: None
[DEBUG]2024-05-28 18:07:42,470: None
[DEBUG]2024-05-28 18:07:42,470: None
[DEBUG]2024-05-28 18:07:42,470: None
[DEBUG]2024-05-28 18:07:42,470: None
[DEBUG]2024-05-28 18:07:42,470: None
[DEBUG]2024-05-28 18:07:42,470: None
[DEBUG]2024-05-28 18:07:42,470: None
[DEBUG]2024-05-28 18:07:42,470: None
[DEBUG]2024-05-28 18:07:42,471: None
[DEBUG]2024-05-28 18:07:42,471: None
[DEBUG]2024-05-28 18:07:42,471: None
[DEBUG]2024-05-28 18:07:42,471: None
[DEBUG]2024-05-28 18:07:42,471: None
[DEBUG]2024-05-28 18:07:42,471: None
[DEBUG]2024-05-28 18:07:42,471: None
[DEBUG]2024-05-28 18:07:42,471: None
[DEBUG]2024-05-28 18:07:42,471: None
[DEBUG]2024-05-28 18:07:42,471: None
[DEBUG]2024-05-28 18:07:42,471: None
[DEBUG]2024-05-28 18:07:42,471: None
[DEBUG]2024-05-28 18:07:42,472: None
[DEBUG]2024-05-28 18:07:42,472: None
[DEBUG]2024-05-28 18:07:42,472: None
[DEBUG]2024-05-28 18:07:42,472: None
[DEBUG]2024-05-28 18:07:42,472: None
[DEBUG]2024-05-28 18:07:42,472: None
[DEBUG]2024-05-28 18:07:42,472: None
[DEBUG]2024-05-28 18:07:42,472: None
[DEBUG]2024-05-28 18:07:42,472: None
[DEBUG]2024-05-28 18:07:42,472: None
[DEBUG]2024-05-28 18:07:42,472: None
[DEBUG]2024-05-28 18:07:42,472: None
[DEBUG]2024-05-28 18:07:42,472: None
[DEBUG]2024-05-28 18:07:42,473: None
[DEBUG]2024-05-28 18:07:42,473: None
[DEBUG]2024-05-28 18:07:42,473: None
[DEBUG]2024-05-28 18:07:42,473: None
[DEBUG]2024-05-28 18:07:42,473: None
[DEBUG]2024-05-28 18:07:42,473: None
[DEBUG]2024-05-28 18:07:42,473: None
[DEBUG]2024-05-28 18:07:42,473: None
[DEBUG]2024-05-28 18:07:42,473: None
[DEBUG]2024-05-28 18:07:42,473: None
[DEBUG]2024-05-28 18:07:42,473: None
[DEBUG]2024-05-28 18:07:42,473: None
[DEBUG]2024-05-28 18:07:42,473: None
[DEBUG]2024-05-28 18:07:42,473: None
[DEBUG]2024-05-28 18:07:42,474: None
[DEBUG]2024-05-28 18:07:42,474: None
[DEBUG]2024-05-28 18:07:42,474: None
[DEBUG]2024-05-28 18:07:42,474: None
[DEBUG]2024-05-28 18:07:42,474: None
[DEBUG]2024-05-28 18:07:42,474: None
[DEBUG]2024-05-28 18:07:42,474: None
[DEBUG]2024-05-28 18:07:42,474: None
[DEBUG]2024-05-28 18:07:42,474: None
[DEBUG]2024-05-28 18:07:42,474: None
[DEBUG]2024-05-28 18:07:42,474: None
[DEBUG]2024-05-28 18:07:42,474: None
[DEBUG]2024-05-28 18:07:42,474: None
[DEBUG]2024-05-28 18:07:42,474: None
[DEBUG]2024-05-28 18:07:42,474: None
[DEBUG]2024-05-28 18:07:42,475: <re.Match object; span=(1653, 1758), match='typedef enum {\n    InitPSubState,\n    BACKUP,\n>
[DEBUG]2024-05-28 18:07:42,475: <re.Match object; span=(1653, 1758), match='typedef enum {\n    InitPSubState,\n    BACKUP,\n>
[DEBUG]2024-05-28 18:07:42,475: <re.Match object; span=(1653, 1758), match='typedef enum {\n    InitPSubState,\n    BACKUP,\n>
[DEBUG]2024-05-28 18:07:42,475: <re.Match object; span=(1653, 1758), match='typedef enum {\n    InitPSubState,\n    BACKUP,\n>
[DEBUG]2024-05-28 18:07:42,475: <re.Match object; span=(1653, 1758), match='typedef enum {\n    InitPSubState,\n    BACKUP,\n>
[DEBUG]2024-05-28 18:07:42,475: <re.Match object; span=(1653, 1758), match='typedef enum {\n    InitPSubState,\n    BACKUP,\n>
[DEBUG]2024-05-28 18:07:42,475: <re.Match object; span=(1653, 1758), match='typedef enum {\n    InitPSubState,\n    BACKUP,\n>
[DEBUG]2024-05-28 18:07:42,475: <re.Match object; span=(1653, 1758), match='typedef enum {\n    InitPSubState,\n    BACKUP,\n>
[DEBUG]2024-05-28 18:07:42,475: <re.Match object; span=(1653, 1758), match='typedef enum {\n    InitPSubState,\n    BACKUP,\n>
[DEBUG]2024-05-28 18:07:42,475: <re.Match object; span=(1653, 1758), match='typedef enum {\n    InitPSubState,\n    BACKUP,\n>
[DEBUG]2024-05-28 18:07:42,475: <re.Match object; span=(1653, 1758), match='typedef enum {\n    InitPSubState,\n    BACKUP,\n>
[DEBUG]2024-05-28 18:07:42,475: <re.Match object; span=(1653, 1758), match='typedef enum {\n    InitPSubState,\n    BACKUP,\n>
[DEBUG]2024-05-28 18:07:42,475: <re.Match object; span=(1653, 1758), match='typedef enum {\n    InitPSubState,\n    BACKUP,\n>
[DEBUG]2024-05-28 18:07:42,475: <re.Match object; span=(1653, 1758), match='typedef enum {\n    InitPSubState,\n    BACKUP,\n>
[DEBUG]2024-05-28 18:07:42,475: <re.Match object; span=(1653, 1758), match='typedef enum {\n    InitPSubState,\n    BACKUP,\n>
[DEBUG]2024-05-28 18:07:42,475: <re.Match object; span=(1653, 1758), match='typedef enum {\n    InitPSubState,\n    BACKUP,\n>
[DEBUG]2024-05-28 18:07:42,476: ['InitPSubState', 'BACKUP', 'TURN_TO_WALL', 'BACK_TO_WALL']
[DEBUG]2024-05-28 18:07:42,476: ['InitPSubState', 'BACKUP', 'TURN_TO_WALL', 'BACK_TO_WALL']
[DEBUG]2024-05-28 18:07:42,476: ['InitPSubState', 'BACKUP', 'TURN_TO_WALL', 'BACK_TO_WALL']
[DEBUG]2024-05-28 18:07:42,476: ['InitPSubState', 'BACKUP', 'TURN_TO_WALL', 'BACK_TO_WALL']
[DEBUG]2024-05-28 18:07:42,476: ['InitPSubState', 'BACKUP', 'TURN_TO_WALL', 'BACK_TO_WALL']
[DEBUG]2024-05-28 18:07:42,476: ['InitPSubState', 'BACKUP', 'TURN_TO_WALL', 'BACK_TO_WALL']
[DEBUG]2024-05-28 18:07:42,476: ['InitPSubState', 'BACKUP', 'TURN_TO_WALL', 'BACK_TO_WALL']
[DEBUG]2024-05-28 18:07:42,476: ['InitPSubState', 'BACKUP', 'TURN_TO_WALL', 'BACK_TO_WALL']
[DEBUG]2024-05-28 18:07:42,476: ['InitPSubState', 'BACKUP', 'TURN_TO_WALL', 'BACK_TO_WALL']
[DEBUG]2024-05-28 18:07:42,476: ['InitPSubState', 'BACKUP', 'TURN_TO_WALL', 'BACK_TO_WALL']
[DEBUG]2024-05-28 18:07:42,476: ['InitPSubState', 'BACKUP', 'TURN_TO_WALL', 'BACK_TO_WALL']
[DEBUG]2024-05-28 18:07:42,476: ['InitPSubState', 'BACKUP', 'TURN_TO_WALL', 'BACK_TO_WALL']
[DEBUG]2024-05-28 18:07:42,476: ['InitPSubState', 'BACKUP', 'TURN_TO_WALL', 'BACK_TO_WALL']
[DEBUG]2024-05-28 18:07:42,476: ['InitPSubState', 'BACKUP', 'TURN_TO_WALL', 'BACK_TO_WALL']
[DEBUG]2024-05-28 18:07:42,476: ['InitPSubState', 'BACKUP', 'TURN_TO_WALL', 'BACK_TO_WALL']
[DEBUG]2024-05-28 18:07:42,476: ['InitPSubState', 'BACKUP', 'TURN_TO_WALL', 'BACK_TO_WALL']
[DEBUG]2024-05-28 18:07:42,476: 
static const char *StateNames[] = {
	"InitPSubState",
	"BACKUP",
	"TURN_TO_WALL",
	"BACK_TO_WALL",
};


[DEBUG]2024-05-28 18:07:42,476: 
static const char *StateNames[] = {
	"InitPSubState",
	"BACKUP",
	"TURN_TO_WALL",
	"BACK_TO_WALL",
};


[DEBUG]2024-05-28 18:07:42,476: 
static const char *StateNames[] = {
	"InitPSubState",
	"BACKUP",
	"TURN_TO_WALL",
	"BACK_TO_WALL",
};


[DEBUG]2024-05-28 18:07:42,476: 
static const char *StateNames[] = {
	"InitPSubState",
	"BACKUP",
	"TURN_TO_WALL",
	"BACK_TO_WALL",
};


[DEBUG]2024-05-28 18:07:42,476: 
static const char *StateNames[] = {
	"InitPSubState",
	"BACKUP",
	"TURN_TO_WALL",
	"BACK_TO_WALL",
};


[DEBUG]2024-05-28 18:07:42,476: 
static const char *StateNames[] = {
	"InitPSubState",
	"BACKUP",
	"TURN_TO_WALL",
	"BACK_TO_WALL",
};


[DEBUG]2024-05-28 18:07:42,476: 
static const char *StateNames[] = {
	"InitPSubState",
	"BACKUP",
	"TURN_TO_WALL",
	"BACK_TO_WALL",
};


[DEBUG]2024-05-28 18:07:42,476: 
static const char *StateNames[] = {
	"InitPSubState",
	"BACKUP",
	"TURN_TO_WALL",
	"BACK_TO_WALL",
};


[DEBUG]2024-05-28 18:07:42,476: 
static const char *StateNames[] = {
	"InitPSubState",
	"BACKUP",
	"TURN_TO_WALL",
	"BACK_TO_WALL",
};


[DEBUG]2024-05-28 18:07:42,476: 
static const char *StateNames[] = {
	"InitPSubState",
	"BACKUP",
	"TURN_TO_WALL",
	"BACK_TO_WALL",
};


[DEBUG]2024-05-28 18:07:42,476: 
static const char *StateNames[] = {
	"InitPSubState",
	"BACKUP",
	"TURN_TO_WALL",
	"BACK_TO_WALL",
};


[DEBUG]2024-05-28 18:07:42,476: 
static const char *StateNames[] = {
	"InitPSubState",
	"BACKUP",
	"TURN_TO_WALL",
	"BACK_TO_WALL",
};


[DEBUG]2024-05-28 18:07:42,476: 
static const char *StateNames[] = {
	"InitPSubState",
	"BACKUP",
	"TURN_TO_WALL",
	"BACK_TO_WALL",
};


[DEBUG]2024-05-28 18:07:42,476: 
static const char *StateNames[] = {
	"InitPSubState",
	"BACKUP",
	"TURN_TO_WALL",
	"BACK_TO_WALL",
};


[DEBUG]2024-05-28 18:07:42,476: 
static const char *StateNames[] = {
	"InitPSubState",
	"BACKUP",
	"TURN_TO_WALL",
	"BACK_TO_WALL",
};


[DEBUG]2024-05-28 18:07:42,476: 
static const char *StateNames[] = {
	"InitPSubState",
	"BACKUP",
	"TURN_TO_WALL",
	"BACK_TO_WALL",
};


[DEBUG]2024-05-28 18:07:42,478: None
[DEBUG]2024-05-28 18:07:42,478: None
[DEBUG]2024-05-28 18:07:42,478: None
[DEBUG]2024-05-28 18:07:42,478: None
[DEBUG]2024-05-28 18:07:42,478: None
[DEBUG]2024-05-28 18:07:42,478: None
[DEBUG]2024-05-28 18:07:42,478: None
[DEBUG]2024-05-28 18:07:42,478: None
[DEBUG]2024-05-28 18:07:42,478: None
[DEBUG]2024-05-28 18:07:42,478: None
[DEBUG]2024-05-28 18:07:42,478: None
[DEBUG]2024-05-28 18:07:42,478: None
[DEBUG]2024-05-28 18:07:42,478: None
[DEBUG]2024-05-28 18:07:42,478: None
[DEBUG]2024-05-28 18:07:42,478: None
[DEBUG]2024-05-28 18:07:42,478: None
[DEBUG]2024-05-28 18:07:42,478: None
[DEBUG]2024-05-28 18:07:42,479: None
[DEBUG]2024-05-28 18:07:42,479: None
[DEBUG]2024-05-28 18:07:42,479: None
[DEBUG]2024-05-28 18:07:42,479: None
[DEBUG]2024-05-28 18:07:42,479: None
[DEBUG]2024-05-28 18:07:42,479: None
[DEBUG]2024-05-28 18:07:42,479: None
[DEBUG]2024-05-28 18:07:42,479: None
[DEBUG]2024-05-28 18:07:42,479: None
[DEBUG]2024-05-28 18:07:42,479: None
[DEBUG]2024-05-28 18:07:42,479: None
[DEBUG]2024-05-28 18:07:42,479: None
[DEBUG]2024-05-28 18:07:42,479: None
[DEBUG]2024-05-28 18:07:42,479: None
[DEBUG]2024-05-28 18:07:42,479: None
[DEBUG]2024-05-28 18:07:42,479: None
[DEBUG]2024-05-28 18:07:42,479: None
[DEBUG]2024-05-28 18:07:42,479: None
[DEBUG]2024-05-28 18:07:42,480: None
[DEBUG]2024-05-28 18:07:42,480: None
[DEBUG]2024-05-28 18:07:42,480: None
[DEBUG]2024-05-28 18:07:42,480: None
[DEBUG]2024-05-28 18:07:42,480: None
[DEBUG]2024-05-28 18:07:42,480: None
[DEBUG]2024-05-28 18:07:42,480: None
[DEBUG]2024-05-28 18:07:42,480: None
[DEBUG]2024-05-28 18:07:42,480: None
[DEBUG]2024-05-28 18:07:42,480: None
[DEBUG]2024-05-28 18:07:42,480: None
[DEBUG]2024-05-28 18:07:42,480: None
[DEBUG]2024-05-28 18:07:42,480: None
[DEBUG]2024-05-28 18:07:42,480: None
[DEBUG]2024-05-28 18:07:42,480: None
[DEBUG]2024-05-28 18:07:42,480: None
[DEBUG]2024-05-28 18:07:42,480: None
[DEBUG]2024-05-28 18:07:42,480: None
[DEBUG]2024-05-28 18:07:42,480: None
[DEBUG]2024-05-28 18:07:42,481: None
[DEBUG]2024-05-28 18:07:42,481: None
[DEBUG]2024-05-28 18:07:42,481: None
[DEBUG]2024-05-28 18:07:42,481: None
[DEBUG]2024-05-28 18:07:42,481: None
[DEBUG]2024-05-28 18:07:42,481: None
[DEBUG]2024-05-28 18:07:42,481: None
[DEBUG]2024-05-28 18:07:42,481: None
[DEBUG]2024-05-28 18:07:42,481: None
[DEBUG]2024-05-28 18:07:42,481: None
[DEBUG]2024-05-28 18:07:42,481: None
[DEBUG]2024-05-28 18:07:42,481: None
[DEBUG]2024-05-28 18:07:42,481: None
[DEBUG]2024-05-28 18:07:42,481: None
[DEBUG]2024-05-28 18:07:42,481: None
[DEBUG]2024-05-28 18:07:42,481: None
[DEBUG]2024-05-28 18:07:42,481: None
[DEBUG]2024-05-28 18:07:42,481: None
[DEBUG]2024-05-28 18:07:42,481: None
[DEBUG]2024-05-28 18:07:42,481: None
[DEBUG]2024-05-28 18:07:42,482: <re.Match object; span=(2104, 2195), match='typedef enum {\n    InitPState,\n    ROAMING,\n  >
[DEBUG]2024-05-28 18:07:42,482: <re.Match object; span=(2104, 2195), match='typedef enum {\n    InitPState,\n    ROAMING,\n  >
[DEBUG]2024-05-28 18:07:42,482: <re.Match object; span=(2104, 2195), match='typedef enum {\n    InitPState,\n    ROAMING,\n  >
[DEBUG]2024-05-28 18:07:42,482: <re.Match object; span=(2104, 2195), match='typedef enum {\n    InitPState,\n    ROAMING,\n  >
[DEBUG]2024-05-28 18:07:42,482: <re.Match object; span=(2104, 2195), match='typedef enum {\n    InitPState,\n    ROAMING,\n  >
[DEBUG]2024-05-28 18:07:42,482: <re.Match object; span=(2104, 2195), match='typedef enum {\n    InitPState,\n    ROAMING,\n  >
[DEBUG]2024-05-28 18:07:42,482: <re.Match object; span=(2104, 2195), match='typedef enum {\n    InitPState,\n    ROAMING,\n  >
[DEBUG]2024-05-28 18:07:42,482: <re.Match object; span=(2104, 2195), match='typedef enum {\n    InitPState,\n    ROAMING,\n  >
[DEBUG]2024-05-28 18:07:42,482: <re.Match object; span=(2104, 2195), match='typedef enum {\n    InitPState,\n    ROAMING,\n  >
[DEBUG]2024-05-28 18:07:42,482: <re.Match object; span=(2104, 2195), match='typedef enum {\n    InitPState,\n    ROAMING,\n  >
[DEBUG]2024-05-28 18:07:42,482: <re.Match object; span=(2104, 2195), match='typedef enum {\n    InitPState,\n    ROAMING,\n  >
[DEBUG]2024-05-28 18:07:42,482: <re.Match object; span=(2104, 2195), match='typedef enum {\n    InitPState,\n    ROAMING,\n  >
[DEBUG]2024-05-28 18:07:42,482: <re.Match object; span=(2104, 2195), match='typedef enum {\n    InitPState,\n    ROAMING,\n  >
[DEBUG]2024-05-28 18:07:42,482: <re.Match object; span=(2104, 2195), match='typedef enum {\n    InitPState,\n    ROAMING,\n  >
[DEBUG]2024-05-28 18:07:42,482: <re.Match object; span=(2104, 2195), match='typedef enum {\n    InitPState,\n    ROAMING,\n  >
[DEBUG]2024-05-28 18:07:42,482: <re.Match object; span=(2104, 2195), match='typedef enum {\n    InitPState,\n    ROAMING,\n  >
[DEBUG]2024-05-28 18:07:42,482: <re.Match object; span=(2104, 2195), match='typedef enum {\n    InitPState,\n    ROAMING,\n  >
[DEBUG]2024-05-28 18:07:42,482: <re.Match object; span=(2104, 2195), match='typedef enum {\n    InitPState,\n    ROAMING,\n  >
[DEBUG]2024-05-28 18:07:42,482: <re.Match object; span=(2104, 2195), match='typedef enum {\n    InitPState,\n    ROAMING,\n  >
[DEBUG]2024-05-28 18:07:42,482: <re.Match object; span=(2104, 2195), match='typedef enum {\n    InitPState,\n    ROAMING,\n  >
[DEBUG]2024-05-28 18:07:42,482: <re.Match object; span=(2104, 2195), match='typedef enum {\n    InitPState,\n    ROAMING,\n  >
[DEBUG]2024-05-28 18:07:42,483: ['InitPState', 'ROAMING', 'FIND_DOOR', 'MOWING']
[DEBUG]2024-05-28 18:07:42,483: ['InitPState', 'ROAMING', 'FIND_DOOR', 'MOWING']
[DEBUG]2024-05-28 18:07:42,483: ['InitPState', 'ROAMING', 'FIND_DOOR', 'MOWING']
[DEBUG]2024-05-28 18:07:42,483: ['InitPState', 'ROAMING', 'FIND_DOOR', 'MOWING']
[DEBUG]2024-05-28 18:07:42,483: ['InitPState', 'ROAMING', 'FIND_DOOR', 'MOWING']
[DEBUG]2024-05-28 18:07:42,483: ['InitPState', 'ROAMING', 'FIND_DOOR', 'MOWING']
[DEBUG]2024-05-28 18:07:42,483: ['InitPState', 'ROAMING', 'FIND_DOOR', 'MOWING']
[DEBUG]2024-05-28 18:07:42,483: ['InitPState', 'ROAMING', 'FIND_DOOR', 'MOWING']
[DEBUG]2024-05-28 18:07:42,483: ['InitPState', 'ROAMING', 'FIND_DOOR', 'MOWING']
[DEBUG]2024-05-28 18:07:42,483: ['InitPState', 'ROAMING', 'FIND_DOOR', 'MOWING']
[DEBUG]2024-05-28 18:07:42,483: ['InitPState', 'ROAMING', 'FIND_DOOR', 'MOWING']
[DEBUG]2024-05-28 18:07:42,483: ['InitPState', 'ROAMING', 'FIND_DOOR', 'MOWING']
[DEBUG]2024-05-28 18:07:42,483: ['InitPState', 'ROAMING', 'FIND_DOOR', 'MOWING']
[DEBUG]2024-05-28 18:07:42,483: ['InitPState', 'ROAMING', 'FIND_DOOR', 'MOWING']
[DEBUG]2024-05-28 18:07:42,483: ['InitPState', 'ROAMING', 'FIND_DOOR', 'MOWING']
[DEBUG]2024-05-28 18:07:42,483: ['InitPState', 'ROAMING', 'FIND_DOOR', 'MOWING']
[DEBUG]2024-05-28 18:07:42,483: ['InitPState', 'ROAMING', 'FIND_DOOR', 'MOWING']
[DEBUG]2024-05-28 18:07:42,483: ['InitPState', 'ROAMING', 'FIND_DOOR', 'MOWING']
[DEBUG]2024-05-28 18:07:42,483: ['InitPState', 'ROAMING', 'FIND_DOOR', 'MOWING']
[DEBUG]2024-05-28 18:07:42,483: ['InitPState', 'ROAMING', 'FIND_DOOR', 'MOWING']
[DEBUG]2024-05-28 18:07:42,483: ['InitPState', 'ROAMING', 'FIND_DOOR', 'MOWING']
[DEBUG]2024-05-28 18:07:42,483: 
static const char *StateNames[] = {
	"InitPState",
	"ROAMING",
	"FIND_DOOR",
	"MOWING",
};


[DEBUG]2024-05-28 18:07:42,483: 
static const char *StateNames[] = {
	"InitPState",
	"ROAMING",
	"FIND_DOOR",
	"MOWING",
};


[DEBUG]2024-05-28 18:07:42,483: 
static const char *StateNames[] = {
	"InitPState",
	"ROAMING",
	"FIND_DOOR",
	"MOWING",
};


[DEBUG]2024-05-28 18:07:42,483: 
static const char *StateNames[] = {
	"InitPState",
	"ROAMING",
	"FIND_DOOR",
	"MOWING",
};


[DEBUG]2024-05-28 18:07:42,483: 
static const char *StateNames[] = {
	"InitPState",
	"ROAMING",
	"FIND_DOOR",
	"MOWING",
};


[DEBUG]2024-05-28 18:07:42,483: 
static const char *StateNames[] = {
	"InitPState",
	"ROAMING",
	"FIND_DOOR",
	"MOWING",
};


[DEBUG]2024-05-28 18:07:42,483: 
static const char *StateNames[] = {
	"InitPState",
	"ROAMING",
	"FIND_DOOR",
	"MOWING",
};


[DEBUG]2024-05-28 18:07:42,483: 
static const char *StateNames[] = {
	"InitPState",
	"ROAMING",
	"FIND_DOOR",
	"MOWING",
};


[DEBUG]2024-05-28 18:07:42,483: 
static const char *StateNames[] = {
	"InitPState",
	"ROAMING",
	"FIND_DOOR",
	"MOWING",
};


[DEBUG]2024-05-28 18:07:42,483: 
static const char *StateNames[] = {
	"InitPState",
	"ROAMING",
	"FIND_DOOR",
	"MOWING",
};


[DEBUG]2024-05-28 18:07:42,483: 
static const char *StateNames[] = {
	"InitPState",
	"ROAMING",
	"FIND_DOOR",
	"MOWING",
};


[DEBUG]2024-05-28 18:07:42,483: 
static const char *StateNames[] = {
	"InitPState",
	"ROAMING",
	"FIND_DOOR",
	"MOWING",
};


[DEBUG]2024-05-28 18:07:42,483: 
static const char *StateNames[] = {
	"InitPState",
	"ROAMING",
	"FIND_DOOR",
	"MOWING",
};


[DEBUG]2024-05-28 18:07:42,483: 
static const char *StateNames[] = {
	"InitPState",
	"ROAMING",
	"FIND_DOOR",
	"MOWING",
};


[DEBUG]2024-05-28 18:07:42,483: 
static const char *StateNames[] = {
	"InitPState",
	"ROAMING",
	"FIND_DOOR",
	"MOWING",
};


[DEBUG]2024-05-28 18:07:42,483: 
static const char *StateNames[] = {
	"InitPState",
	"ROAMING",
	"FIND_DOOR",
	"MOWING",
};


[DEBUG]2024-05-28 18:07:42,483: 
static const char *StateNames[] = {
	"InitPState",
	"ROAMING",
	"FIND_DOOR",
	"MOWING",
};


[DEBUG]2024-05-28 18:07:42,483: 
static const char *StateNames[] = {
	"InitPState",
	"ROAMING",
	"FIND_DOOR",
	"MOWING",
};


[DEBUG]2024-05-28 18:07:42,483: 
static const char *StateNames[] = {
	"InitPState",
	"ROAMING",
	"FIND_DOOR",
	"MOWING",
};


[DEBUG]2024-05-28 18:07:42,483: 
static const char *StateNames[] = {
	"InitPState",
	"ROAMING",
	"FIND_DOOR",
	"MOWING",
};


[DEBUG]2024-05-28 18:07:42,483: 
static const char *StateNames[] = {
	"InitPState",
	"ROAMING",
	"FIND_DOOR",
	"MOWING",
};


[DEBUG]2024-05-28 18:07:42,485: <re.Match object; span=(1802, 1869), match='typedef enum {\n    InitPSubState,\n    TEST_TW,\>
[DEBUG]2024-05-28 18:07:42,485: <re.Match object; span=(1802, 1869), match='typedef enum {\n    InitPSubState,\n    TEST_TW,\>
[DEBUG]2024-05-28 18:07:42,485: <re.Match object; span=(1802, 1869), match='typedef enum {\n    InitPSubState,\n    TEST_TW,\>
[DEBUG]2024-05-28 18:07:42,485: <re.Match object; span=(1802, 1869), match='typedef enum {\n    InitPSubState,\n    TEST_TW,\>
[DEBUG]2024-05-28 18:07:42,485: <re.Match object; span=(1802, 1869), match='typedef enum {\n    InitPSubState,\n    TEST_TW,\>
[DEBUG]2024-05-28 18:07:42,485: <re.Match object; span=(1802, 1869), match='typedef enum {\n    InitPSubState,\n    TEST_TW,\>
[DEBUG]2024-05-28 18:07:42,485: <re.Match object; span=(1802, 1869), match='typedef enum {\n    InitPSubState,\n    TEST_TW,\>
[DEBUG]2024-05-28 18:07:42,485: <re.Match object; span=(1802, 1869), match='typedef enum {\n    InitPSubState,\n    TEST_TW,\>
[DEBUG]2024-05-28 18:07:42,485: <re.Match object; span=(1802, 1869), match='typedef enum {\n    InitPSubState,\n    TEST_TW,\>
[DEBUG]2024-05-28 18:07:42,485: <re.Match object; span=(1802, 1869), match='typedef enum {\n    InitPSubState,\n    TEST_TW,\>
[DEBUG]2024-05-28 18:07:42,485: <re.Match object; span=(1802, 1869), match='typedef enum {\n    InitPSubState,\n    TEST_TW,\>
[DEBUG]2024-05-28 18:07:42,485: <re.Match object; span=(1802, 1869), match='typedef enum {\n    InitPSubState,\n    TEST_TW,\>
[DEBUG]2024-05-28 18:07:42,485: <re.Match object; span=(1802, 1869), match='typedef enum {\n    InitPSubState,\n    TEST_TW,\>
[DEBUG]2024-05-28 18:07:42,485: <re.Match object; span=(1802, 1869), match='typedef enum {\n    InitPSubState,\n    TEST_TW,\>
[DEBUG]2024-05-28 18:07:42,485: <re.Match object; span=(1802, 1869), match='typedef enum {\n    InitPSubState,\n    TEST_TW,\>
[DEBUG]2024-05-28 18:07:42,485: <re.Match object; span=(1802, 1869), match='typedef enum {\n    InitPSubState,\n    TEST_TW,\>
[DEBUG]2024-05-28 18:07:42,485: <re.Match object; span=(1802, 1869), match='typedef enum {\n    InitPSubState,\n    TEST_TW,\>
[DEBUG]2024-05-28 18:07:42,485: <re.Match object; span=(1802, 1869), match='typedef enum {\n    InitPSubState,\n    TEST_TW,\>
[DEBUG]2024-05-28 18:07:42,485: <re.Match object; span=(1802, 1869), match='typedef enum {\n    InitPSubState,\n    TEST_TW,\>
[DEBUG]2024-05-28 18:07:42,485: <re.Match object; span=(1802, 1869), match='typedef enum {\n    InitPSubState,\n    TEST_TW,\>
[DEBUG]2024-05-28 18:07:42,485: <re.Match object; span=(1802, 1869), match='typedef enum {\n    InitPSubState,\n    TEST_TW,\>
[DEBUG]2024-05-28 18:07:42,485: <re.Match object; span=(1802, 1869), match='typedef enum {\n    InitPSubState,\n    TEST_TW,\>
[DEBUG]2024-05-28 18:07:42,485: ['InitPSubState', 'TEST_TW']
[DEBUG]2024-05-28 18:07:42,485: ['InitPSubState', 'TEST_TW']
[DEBUG]2024-05-28 18:07:42,485: ['InitPSubState', 'TEST_TW']
[DEBUG]2024-05-28 18:07:42,485: ['InitPSubState', 'TEST_TW']
[DEBUG]2024-05-28 18:07:42,485: ['InitPSubState', 'TEST_TW']
[DEBUG]2024-05-28 18:07:42,485: ['InitPSubState', 'TEST_TW']
[DEBUG]2024-05-28 18:07:42,485: ['InitPSubState', 'TEST_TW']
[DEBUG]2024-05-28 18:07:42,485: ['InitPSubState', 'TEST_TW']
[DEBUG]2024-05-28 18:07:42,485: ['InitPSubState', 'TEST_TW']
[DEBUG]2024-05-28 18:07:42,485: ['InitPSubState', 'TEST_TW']
[DEBUG]2024-05-28 18:07:42,485: ['InitPSubState', 'TEST_TW']
[DEBUG]2024-05-28 18:07:42,485: ['InitPSubState', 'TEST_TW']
[DEBUG]2024-05-28 18:07:42,485: ['InitPSubState', 'TEST_TW']
[DEBUG]2024-05-28 18:07:42,485: ['InitPSubState', 'TEST_TW']
[DEBUG]2024-05-28 18:07:42,485: ['InitPSubState', 'TEST_TW']
[DEBUG]2024-05-28 18:07:42,485: ['InitPSubState', 'TEST_TW']
[DEBUG]2024-05-28 18:07:42,485: ['InitPSubState', 'TEST_TW']
[DEBUG]2024-05-28 18:07:42,485: ['InitPSubState', 'TEST_TW']
[DEBUG]2024-05-28 18:07:42,485: ['InitPSubState', 'TEST_TW']
[DEBUG]2024-05-28 18:07:42,485: ['InitPSubState', 'TEST_TW']
[DEBUG]2024-05-28 18:07:42,485: ['InitPSubState', 'TEST_TW']
[DEBUG]2024-05-28 18:07:42,485: ['InitPSubState', 'TEST_TW']
[DEBUG]2024-05-28 18:07:42,486: 
static const char *StateNames[] = {
	"InitPSubState",
	"TEST_TW",
};


[DEBUG]2024-05-28 18:07:42,486: 
static const char *StateNames[] = {
	"InitPSubState",
	"TEST_TW",
};


[DEBUG]2024-05-28 18:07:42,486: 
static const char *StateNames[] = {
	"InitPSubState",
	"TEST_TW",
};


[DEBUG]2024-05-28 18:07:42,486: 
static const char *StateNames[] = {
	"InitPSubState",
	"TEST_TW",
};


[DEBUG]2024-05-28 18:07:42,486: 
static const char *StateNames[] = {
	"InitPSubState",
	"TEST_TW",
};


[DEBUG]2024-05-28 18:07:42,486: 
static const char *StateNames[] = {
	"InitPSubState",
	"TEST_TW",
};


[DEBUG]2024-05-28 18:07:42,486: 
static const char *StateNames[] = {
	"InitPSubState",
	"TEST_TW",
};


[DEBUG]2024-05-28 18:07:42,486: 
static const char *StateNames[] = {
	"InitPSubState",
	"TEST_TW",
};


[DEBUG]2024-05-28 18:07:42,486: 
static const char *StateNames[] = {
	"InitPSubState",
	"TEST_TW",
};


[DEBUG]2024-05-28 18:07:42,486: 
static const char *StateNames[] = {
	"InitPSubState",
	"TEST_TW",
};


[DEBUG]2024-05-28 18:07:42,486: 
static const char *StateNames[] = {
	"InitPSubState",
	"TEST_TW",
};


[DEBUG]2024-05-28 18:07:42,486: 
static const char *StateNames[] = {
	"InitPSubState",
	"TEST_TW",
};


[DEBUG]2024-05-28 18:07:42,486: 
static const char *StateNames[] = {
	"InitPSubState",
	"TEST_TW",
};


[DEBUG]2024-05-28 18:07:42,486: 
static const char *StateNames[] = {
	"InitPSubState",
	"TEST_TW",
};


[DEBUG]2024-05-28 18:07:42,486: 
static const char *StateNames[] = {
	"InitPSubState",
	"TEST_TW",
};


[DEBUG]2024-05-28 18:07:42,486: 
static const char *StateNames[] = {
	"InitPSubState",
	"TEST_TW",
};


[DEBUG]2024-05-28 18:07:42,486: 
static const char *StateNames[] = {
	"InitPSubState",
	"TEST_TW",
};


[DEBUG]2024-05-28 18:07:42,486: 
static const char *StateNames[] = {
	"InitPSubState",
	"TEST_TW",
};


[DEBUG]2024-05-28 18:07:42,486: 
static const char *StateNames[] = {
	"InitPSubState",
	"TEST_TW",
};


[DEBUG]2024-05-28 18:07:42,486: 
static const char *StateNames[] = {
	"InitPSubState",
	"TEST_TW",
};


[DEBUG]2024-05-28 18:07:42,486: 
static const char *StateNames[] = {
	"InitPSubState",
	"TEST_TW",
};


[DEBUG]2024-05-28 18:07:42,486: 
static const char *StateNames[] = {
	"InitPSubState",
	"TEST_TW",
};


[DEBUG]2024-05-28 18:07:42,487: <re.Match object; span=(1581, 1698), match='typedef enum {\n    InitPSubState,\n    FORWARD,\>
[DEBUG]2024-05-28 18:07:42,487: <re.Match object; span=(1581, 1698), match='typedef enum {\n    InitPSubState,\n    FORWARD,\>
[DEBUG]2024-05-28 18:07:42,487: <re.Match object; span=(1581, 1698), match='typedef enum {\n    InitPSubState,\n    FORWARD,\>
[DEBUG]2024-05-28 18:07:42,487: <re.Match object; span=(1581, 1698), match='typedef enum {\n    InitPSubState,\n    FORWARD,\>
[DEBUG]2024-05-28 18:07:42,487: <re.Match object; span=(1581, 1698), match='typedef enum {\n    InitPSubState,\n    FORWARD,\>
[DEBUG]2024-05-28 18:07:42,487: <re.Match object; span=(1581, 1698), match='typedef enum {\n    InitPSubState,\n    FORWARD,\>
[DEBUG]2024-05-28 18:07:42,487: <re.Match object; span=(1581, 1698), match='typedef enum {\n    InitPSubState,\n    FORWARD,\>
[DEBUG]2024-05-28 18:07:42,487: <re.Match object; span=(1581, 1698), match='typedef enum {\n    InitPSubState,\n    FORWARD,\>
[DEBUG]2024-05-28 18:07:42,487: <re.Match object; span=(1581, 1698), match='typedef enum {\n    InitPSubState,\n    FORWARD,\>
[DEBUG]2024-05-28 18:07:42,487: <re.Match object; span=(1581, 1698), match='typedef enum {\n    InitPSubState,\n    FORWARD,\>
[DEBUG]2024-05-28 18:07:42,487: <re.Match object; span=(1581, 1698), match='typedef enum {\n    InitPSubState,\n    FORWARD,\>
[DEBUG]2024-05-28 18:07:42,487: <re.Match object; span=(1581, 1698), match='typedef enum {\n    InitPSubState,\n    FORWARD,\>
[DEBUG]2024-05-28 18:07:42,487: <re.Match object; span=(1581, 1698), match='typedef enum {\n    InitPSubState,\n    FORWARD,\>
[DEBUG]2024-05-28 18:07:42,487: <re.Match object; span=(1581, 1698), match='typedef enum {\n    InitPSubState,\n    FORWARD,\>
[DEBUG]2024-05-28 18:07:42,487: <re.Match object; span=(1581, 1698), match='typedef enum {\n    InitPSubState,\n    FORWARD,\>
[DEBUG]2024-05-28 18:07:42,487: <re.Match object; span=(1581, 1698), match='typedef enum {\n    InitPSubState,\n    FORWARD,\>
[DEBUG]2024-05-28 18:07:42,487: <re.Match object; span=(1581, 1698), match='typedef enum {\n    InitPSubState,\n    FORWARD,\>
[DEBUG]2024-05-28 18:07:42,487: <re.Match object; span=(1581, 1698), match='typedef enum {\n    InitPSubState,\n    FORWARD,\>
[DEBUG]2024-05-28 18:07:42,487: <re.Match object; span=(1581, 1698), match='typedef enum {\n    InitPSubState,\n    FORWARD,\>
[DEBUG]2024-05-28 18:07:42,487: <re.Match object; span=(1581, 1698), match='typedef enum {\n    InitPSubState,\n    FORWARD,\>
[DEBUG]2024-05-28 18:07:42,487: <re.Match object; span=(1581, 1698), match='typedef enum {\n    InitPSubState,\n    FORWARD,\>
[DEBUG]2024-05-28 18:07:42,487: <re.Match object; span=(1581, 1698), match='typedef enum {\n    InitPSubState,\n    FORWARD,\>
[DEBUG]2024-05-28 18:07:42,487: <re.Match object; span=(1581, 1698), match='typedef enum {\n    InitPSubState,\n    FORWARD,\>
[DEBUG]2024-05-28 18:07:42,488: ['InitPSubState', 'FORWARD', 'ALIGN', 'CORNER_TURN']
[DEBUG]2024-05-28 18:07:42,488: ['InitPSubState', 'FORWARD', 'ALIGN', 'CORNER_TURN']
[DEBUG]2024-05-28 18:07:42,488: ['InitPSubState', 'FORWARD', 'ALIGN', 'CORNER_TURN']
[DEBUG]2024-05-28 18:07:42,488: ['InitPSubState', 'FORWARD', 'ALIGN', 'CORNER_TURN']
[DEBUG]2024-05-28 18:07:42,488: ['InitPSubState', 'FORWARD', 'ALIGN', 'CORNER_TURN']
[DEBUG]2024-05-28 18:07:42,488: ['InitPSubState', 'FORWARD', 'ALIGN', 'CORNER_TURN']
[DEBUG]2024-05-28 18:07:42,488: ['InitPSubState', 'FORWARD', 'ALIGN', 'CORNER_TURN']
[DEBUG]2024-05-28 18:07:42,488: ['InitPSubState', 'FORWARD', 'ALIGN', 'CORNER_TURN']
[DEBUG]2024-05-28 18:07:42,488: ['InitPSubState', 'FORWARD', 'ALIGN', 'CORNER_TURN']
[DEBUG]2024-05-28 18:07:42,488: ['InitPSubState', 'FORWARD', 'ALIGN', 'CORNER_TURN']
[DEBUG]2024-05-28 18:07:42,488: ['InitPSubState', 'FORWARD', 'ALIGN', 'CORNER_TURN']
[DEBUG]2024-05-28 18:07:42,488: ['InitPSubState', 'FORWARD', 'ALIGN', 'CORNER_TURN']
[DEBUG]2024-05-28 18:07:42,488: ['InitPSubState', 'FORWARD', 'ALIGN', 'CORNER_TURN']
[DEBUG]2024-05-28 18:07:42,488: ['InitPSubState', 'FORWARD', 'ALIGN', 'CORNER_TURN']
[DEBUG]2024-05-28 18:07:42,488: ['InitPSubState', 'FORWARD', 'ALIGN', 'CORNER_TURN']
[DEBUG]2024-05-28 18:07:42,488: ['InitPSubState', 'FORWARD', 'ALIGN', 'CORNER_TURN']
[DEBUG]2024-05-28 18:07:42,488: ['InitPSubState', 'FORWARD', 'ALIGN', 'CORNER_TURN']
[DEBUG]2024-05-28 18:07:42,488: ['InitPSubState', 'FORWARD', 'ALIGN', 'CORNER_TURN']
[DEBUG]2024-05-28 18:07:42,488: ['InitPSubState', 'FORWARD', 'ALIGN', 'CORNER_TURN']
[DEBUG]2024-05-28 18:07:42,488: ['InitPSubState', 'FORWARD', 'ALIGN', 'CORNER_TURN']
[DEBUG]2024-05-28 18:07:42,488: ['InitPSubState', 'FORWARD', 'ALIGN', 'CORNER_TURN']
[DEBUG]2024-05-28 18:07:42,488: ['InitPSubState', 'FORWARD', 'ALIGN', 'CORNER_TURN']
[DEBUG]2024-05-28 18:07:42,488: ['InitPSubState', 'FORWARD', 'ALIGN', 'CORNER_TURN']
[DEBUG]2024-05-28 18:07:42,489: 
static const char *StateNames[] = {
	"InitPSubState",
	"FORWARD",
	"ALIGN",
	"CORNER_TURN",
};


[DEBUG]2024-05-28 18:07:42,489: 
static const char *StateNames[] = {
	"InitPSubState",
	"FORWARD",
	"ALIGN",
	"CORNER_TURN",
};


[DEBUG]2024-05-28 18:07:42,489: 
static const char *StateNames[] = {
	"InitPSubState",
	"FORWARD",
	"ALIGN",
	"CORNER_TURN",
};


[DEBUG]2024-05-28 18:07:42,489: 
static const char *StateNames[] = {
	"InitPSubState",
	"FORWARD",
	"ALIGN",
	"CORNER_TURN",
};


[DEBUG]2024-05-28 18:07:42,489: 
static const char *StateNames[] = {
	"InitPSubState",
	"FORWARD",
	"ALIGN",
	"CORNER_TURN",
};


[DEBUG]2024-05-28 18:07:42,489: 
static const char *StateNames[] = {
	"InitPSubState",
	"FORWARD",
	"ALIGN",
	"CORNER_TURN",
};


[DEBUG]2024-05-28 18:07:42,489: 
static const char *StateNames[] = {
	"InitPSubState",
	"FORWARD",
	"ALIGN",
	"CORNER_TURN",
};


[DEBUG]2024-05-28 18:07:42,489: 
static const char *StateNames[] = {
	"InitPSubState",
	"FORWARD",
	"ALIGN",
	"CORNER_TURN",
};


[DEBUG]2024-05-28 18:07:42,489: 
static const char *StateNames[] = {
	"InitPSubState",
	"FORWARD",
	"ALIGN",
	"CORNER_TURN",
};


[DEBUG]2024-05-28 18:07:42,489: 
static const char *StateNames[] = {
	"InitPSubState",
	"FORWARD",
	"ALIGN",
	"CORNER_TURN",
};


[DEBUG]2024-05-28 18:07:42,489: 
static const char *StateNames[] = {
	"InitPSubState",
	"FORWARD",
	"ALIGN",
	"CORNER_TURN",
};


[DEBUG]2024-05-28 18:07:42,489: 
static const char *StateNames[] = {
	"InitPSubState",
	"FORWARD",
	"ALIGN",
	"CORNER_TURN",
};


[DEBUG]2024-05-28 18:07:42,489: 
static const char *StateNames[] = {
	"InitPSubState",
	"FORWARD",
	"ALIGN",
	"CORNER_TURN",
};


[DEBUG]2024-05-28 18:07:42,489: 
static const char *StateNames[] = {
	"InitPSubState",
	"FORWARD",
	"ALIGN",
	"CORNER_TURN",
};


[DEBUG]2024-05-28 18:07:42,489: 
static const char *StateNames[] = {
	"InitPSubState",
	"FORWARD",
	"ALIGN",
	"CORNER_TURN",
};


[DEBUG]2024-05-28 18:07:42,489: 
static const char *StateNames[] = {
	"InitPSubState",
	"FORWARD",
	"ALIGN",
	"CORNER_TURN",
};


[DEBUG]2024-05-28 18:07:42,489: 
static const char *StateNames[] = {
	"InitPSubState",
	"FORWARD",
	"ALIGN",
	"CORNER_TURN",
};


[DEBUG]2024-05-28 18:07:42,489: 
static const char *StateNames[] = {
	"InitPSubState",
	"FORWARD",
	"ALIGN",
	"CORNER_TURN",
};


[DEBUG]2024-05-28 18:07:42,489: 
static const char *StateNames[] = {
	"InitPSubState",
	"FORWARD",
	"ALIGN",
	"CORNER_TURN",
};


[DEBUG]2024-05-28 18:07:42,489: 
static const char *StateNames[] = {
	"InitPSubState",
	"FORWARD",
	"ALIGN",
	"CORNER_TURN",
};


[DEBUG]2024-05-28 18:07:42,489: 
static const char *StateNames[] = {
	"InitPSubState",
	"FORWARD",
	"ALIGN",
	"CORNER_TURN",
};


[DEBUG]2024-05-28 18:07:42,489: 
static const char *StateNames[] = {
	"InitPSubState",
	"FORWARD",
	"ALIGN",
	"CORNER_TURN",
};


[DEBUG]2024-05-28 18:07:42,489: 
static const char *StateNames[] = {
	"InitPSubState",
	"FORWARD",
	"ALIGN",
	"CORNER_TURN",
};


[DEBUG]2024-05-28 18:07:42,490: None
[DEBUG]2024-05-28 18:07:42,490: None
[DEBUG]2024-05-28 18:07:42,490: None
[DEBUG]2024-05-28 18:07:42,490: None
[DEBUG]2024-05-28 18:07:42,490: None
[DEBUG]2024-05-28 18:07:42,490: None
[DEBUG]2024-05-28 18:07:42,490: None
[DEBUG]2024-05-28 18:07:42,490: None
[DEBUG]2024-05-28 18:07:42,490: None
[DEBUG]2024-05-28 18:07:42,490: None
[DEBUG]2024-05-28 18:07:42,490: None
[DEBUG]2024-05-28 18:07:42,490: None
[DEBUG]2024-05-28 18:07:42,490: None
[DEBUG]2024-05-28 18:07:42,490: None
[DEBUG]2024-05-28 18:07:42,490: None
[DEBUG]2024-05-28 18:07:42,490: None
[DEBUG]2024-05-28 18:07:42,490: None
[DEBUG]2024-05-28 18:07:42,490: None
[DEBUG]2024-05-28 18:07:42,490: None
[DEBUG]2024-05-28 18:07:42,490: None
[DEBUG]2024-05-28 18:07:42,490: None
[DEBUG]2024-05-28 18:07:42,490: None
[DEBUG]2024-05-28 18:07:42,490: None
[DEBUG]2024-05-28 18:07:42,490: None
[DEBUG]2024-05-28 18:07:42,491: <re.Match object; span=(1648, 1811), match='typedef enum {\n    InitPSubState,\n    FIND_TAPE>
[DEBUG]2024-05-28 18:07:42,491: <re.Match object; span=(1648, 1811), match='typedef enum {\n    InitPSubState,\n    FIND_TAPE>
[DEBUG]2024-05-28 18:07:42,491: <re.Match object; span=(1648, 1811), match='typedef enum {\n    InitPSubState,\n    FIND_TAPE>
[DEBUG]2024-05-28 18:07:42,491: <re.Match object; span=(1648, 1811), match='typedef enum {\n    InitPSubState,\n    FIND_TAPE>
[DEBUG]2024-05-28 18:07:42,491: <re.Match object; span=(1648, 1811), match='typedef enum {\n    InitPSubState,\n    FIND_TAPE>
[DEBUG]2024-05-28 18:07:42,491: <re.Match object; span=(1648, 1811), match='typedef enum {\n    InitPSubState,\n    FIND_TAPE>
[DEBUG]2024-05-28 18:07:42,491: <re.Match object; span=(1648, 1811), match='typedef enum {\n    InitPSubState,\n    FIND_TAPE>
[DEBUG]2024-05-28 18:07:42,491: <re.Match object; span=(1648, 1811), match='typedef enum {\n    InitPSubState,\n    FIND_TAPE>
[DEBUG]2024-05-28 18:07:42,491: <re.Match object; span=(1648, 1811), match='typedef enum {\n    InitPSubState,\n    FIND_TAPE>
[DEBUG]2024-05-28 18:07:42,491: <re.Match object; span=(1648, 1811), match='typedef enum {\n    InitPSubState,\n    FIND_TAPE>
[DEBUG]2024-05-28 18:07:42,491: <re.Match object; span=(1648, 1811), match='typedef enum {\n    InitPSubState,\n    FIND_TAPE>
[DEBUG]2024-05-28 18:07:42,491: <re.Match object; span=(1648, 1811), match='typedef enum {\n    InitPSubState,\n    FIND_TAPE>
[DEBUG]2024-05-28 18:07:42,491: <re.Match object; span=(1648, 1811), match='typedef enum {\n    InitPSubState,\n    FIND_TAPE>
[DEBUG]2024-05-28 18:07:42,491: <re.Match object; span=(1648, 1811), match='typedef enum {\n    InitPSubState,\n    FIND_TAPE>
[DEBUG]2024-05-28 18:07:42,491: <re.Match object; span=(1648, 1811), match='typedef enum {\n    InitPSubState,\n    FIND_TAPE>
[DEBUG]2024-05-28 18:07:42,491: <re.Match object; span=(1648, 1811), match='typedef enum {\n    InitPSubState,\n    FIND_TAPE>
[DEBUG]2024-05-28 18:07:42,491: <re.Match object; span=(1648, 1811), match='typedef enum {\n    InitPSubState,\n    FIND_TAPE>
[DEBUG]2024-05-28 18:07:42,491: <re.Match object; span=(1648, 1811), match='typedef enum {\n    InitPSubState,\n    FIND_TAPE>
[DEBUG]2024-05-28 18:07:42,491: <re.Match object; span=(1648, 1811), match='typedef enum {\n    InitPSubState,\n    FIND_TAPE>
[DEBUG]2024-05-28 18:07:42,491: <re.Match object; span=(1648, 1811), match='typedef enum {\n    InitPSubState,\n    FIND_TAPE>
[DEBUG]2024-05-28 18:07:42,491: <re.Match object; span=(1648, 1811), match='typedef enum {\n    InitPSubState,\n    FIND_TAPE>
[DEBUG]2024-05-28 18:07:42,491: <re.Match object; span=(1648, 1811), match='typedef enum {\n    InitPSubState,\n    FIND_TAPE>
[DEBUG]2024-05-28 18:07:42,491: <re.Match object; span=(1648, 1811), match='typedef enum {\n    InitPSubState,\n    FIND_TAPE>
[DEBUG]2024-05-28 18:07:42,491: <re.Match object; span=(1648, 1811), match='typedef enum {\n    InitPSubState,\n    FIND_TAPE>
[DEBUG]2024-05-28 18:07:42,491: <re.Match object; span=(1648, 1811), match='typedef enum {\n    InitPSubState,\n    FIND_TAPE>
[DEBUG]2024-05-28 18:07:42,492: ['InitPSubState', 'FIND_TAPE', 'ALIGN', 'FOLLOW_TAPE', 'CORNER_TURN', 'BUMPER_HANDLER', 'TRACK_WIRE_SEQUENCE']
[DEBUG]2024-05-28 18:07:42,492: ['InitPSubState', 'FIND_TAPE', 'ALIGN', 'FOLLOW_TAPE', 'CORNER_TURN', 'BUMPER_HANDLER', 'TRACK_WIRE_SEQUENCE']
[DEBUG]2024-05-28 18:07:42,492: ['InitPSubState', 'FIND_TAPE', 'ALIGN', 'FOLLOW_TAPE', 'CORNER_TURN', 'BUMPER_HANDLER', 'TRACK_WIRE_SEQUENCE']
[DEBUG]2024-05-28 18:07:42,492: ['InitPSubState', 'FIND_TAPE', 'ALIGN', 'FOLLOW_TAPE', 'CORNER_TURN', 'BUMPER_HANDLER', 'TRACK_WIRE_SEQUENCE']
[DEBUG]2024-05-28 18:07:42,492: ['InitPSubState', 'FIND_TAPE', 'ALIGN', 'FOLLOW_TAPE', 'CORNER_TURN', 'BUMPER_HANDLER', 'TRACK_WIRE_SEQUENCE']
[DEBUG]2024-05-28 18:07:42,492: ['InitPSubState', 'FIND_TAPE', 'ALIGN', 'FOLLOW_TAPE', 'CORNER_TURN', 'BUMPER_HANDLER', 'TRACK_WIRE_SEQUENCE']
[DEBUG]2024-05-28 18:07:42,492: ['InitPSubState', 'FIND_TAPE', 'ALIGN', 'FOLLOW_TAPE', 'CORNER_TURN', 'BUMPER_HANDLER', 'TRACK_WIRE_SEQUENCE']
[DEBUG]2024-05-28 18:07:42,492: ['InitPSubState', 'FIND_TAPE', 'ALIGN', 'FOLLOW_TAPE', 'CORNER_TURN', 'BUMPER_HANDLER', 'TRACK_WIRE_SEQUENCE']
[DEBUG]2024-05-28 18:07:42,492: ['InitPSubState', 'FIND_TAPE', 'ALIGN', 'FOLLOW_TAPE', 'CORNER_TURN', 'BUMPER_HANDLER', 'TRACK_WIRE_SEQUENCE']
[DEBUG]2024-05-28 18:07:42,492: ['InitPSubState', 'FIND_TAPE', 'ALIGN', 'FOLLOW_TAPE', 'CORNER_TURN', 'BUMPER_HANDLER', 'TRACK_WIRE_SEQUENCE']
[DEBUG]2024-05-28 18:07:42,492: ['InitPSubState', 'FIND_TAPE', 'ALIGN', 'FOLLOW_TAPE', 'CORNER_TURN', 'BUMPER_HANDLER', 'TRACK_WIRE_SEQUENCE']
[DEBUG]2024-05-28 18:07:42,492: ['InitPSubState', 'FIND_TAPE', 'ALIGN', 'FOLLOW_TAPE', 'CORNER_TURN', 'BUMPER_HANDLER', 'TRACK_WIRE_SEQUENCE']
[DEBUG]2024-05-28 18:07:42,492: ['InitPSubState', 'FIND_TAPE', 'ALIGN', 'FOLLOW_TAPE', 'CORNER_TURN', 'BUMPER_HANDLER', 'TRACK_WIRE_SEQUENCE']
[DEBUG]2024-05-28 18:07:42,492: ['InitPSubState', 'FIND_TAPE', 'ALIGN', 'FOLLOW_TAPE', 'CORNER_TURN', 'BUMPER_HANDLER', 'TRACK_WIRE_SEQUENCE']
[DEBUG]2024-05-28 18:07:42,492: ['InitPSubState', 'FIND_TAPE', 'ALIGN', 'FOLLOW_TAPE', 'CORNER_TURN', 'BUMPER_HANDLER', 'TRACK_WIRE_SEQUENCE']
[DEBUG]2024-05-28 18:07:42,492: ['InitPSubState', 'FIND_TAPE', 'ALIGN', 'FOLLOW_TAPE', 'CORNER_TURN', 'BUMPER_HANDLER', 'TRACK_WIRE_SEQUENCE']
[DEBUG]2024-05-28 18:07:42,492: ['InitPSubState', 'FIND_TAPE', 'ALIGN', 'FOLLOW_TAPE', 'CORNER_TURN', 'BUMPER_HANDLER', 'TRACK_WIRE_SEQUENCE']
[DEBUG]2024-05-28 18:07:42,492: ['InitPSubState', 'FIND_TAPE', 'ALIGN', 'FOLLOW_TAPE', 'CORNER_TURN', 'BUMPER_HANDLER', 'TRACK_WIRE_SEQUENCE']
[DEBUG]2024-05-28 18:07:42,492: ['InitPSubState', 'FIND_TAPE', 'ALIGN', 'FOLLOW_TAPE', 'CORNER_TURN', 'BUMPER_HANDLER', 'TRACK_WIRE_SEQUENCE']
[DEBUG]2024-05-28 18:07:42,492: ['InitPSubState', 'FIND_TAPE', 'ALIGN', 'FOLLOW_TAPE', 'CORNER_TURN', 'BUMPER_HANDLER', 'TRACK_WIRE_SEQUENCE']
[DEBUG]2024-05-28 18:07:42,492: ['InitPSubState', 'FIND_TAPE', 'ALIGN', 'FOLLOW_TAPE', 'CORNER_TURN', 'BUMPER_HANDLER', 'TRACK_WIRE_SEQUENCE']
[DEBUG]2024-05-28 18:07:42,492: ['InitPSubState', 'FIND_TAPE', 'ALIGN', 'FOLLOW_TAPE', 'CORNER_TURN', 'BUMPER_HANDLER', 'TRACK_WIRE_SEQUENCE']
[DEBUG]2024-05-28 18:07:42,492: ['InitPSubState', 'FIND_TAPE', 'ALIGN', 'FOLLOW_TAPE', 'CORNER_TURN', 'BUMPER_HANDLER', 'TRACK_WIRE_SEQUENCE']
[DEBUG]2024-05-28 18:07:42,492: ['InitPSubState', 'FIND_TAPE', 'ALIGN', 'FOLLOW_TAPE', 'CORNER_TURN', 'BUMPER_HANDLER', 'TRACK_WIRE_SEQUENCE']
[DEBUG]2024-05-28 18:07:42,492: ['InitPSubState', 'FIND_TAPE', 'ALIGN', 'FOLLOW_TAPE', 'CORNER_TURN', 'BUMPER_HANDLER', 'TRACK_WIRE_SEQUENCE']
[DEBUG]2024-05-28 18:07:42,493: 
static const char *StateNames[] = {
	"InitPSubState",
	"FIND_TAPE",
	"ALIGN",
	"FOLLOW_TAPE",
	"CORNER_TURN",
	"BUMPER_HANDLER",
	"TRACK_WIRE_SEQUENCE",
};


[DEBUG]2024-05-28 18:07:42,493: 
static const char *StateNames[] = {
	"InitPSubState",
	"FIND_TAPE",
	"ALIGN",
	"FOLLOW_TAPE",
	"CORNER_TURN",
	"BUMPER_HANDLER",
	"TRACK_WIRE_SEQUENCE",
};


[DEBUG]2024-05-28 18:07:42,493: 
static const char *StateNames[] = {
	"InitPSubState",
	"FIND_TAPE",
	"ALIGN",
	"FOLLOW_TAPE",
	"CORNER_TURN",
	"BUMPER_HANDLER",
	"TRACK_WIRE_SEQUENCE",
};


[DEBUG]2024-05-28 18:07:42,493: 
static const char *StateNames[] = {
	"InitPSubState",
	"FIND_TAPE",
	"ALIGN",
	"FOLLOW_TAPE",
	"CORNER_TURN",
	"BUMPER_HANDLER",
	"TRACK_WIRE_SEQUENCE",
};


[DEBUG]2024-05-28 18:07:42,493: 
static const char *StateNames[] = {
	"InitPSubState",
	"FIND_TAPE",
	"ALIGN",
	"FOLLOW_TAPE",
	"CORNER_TURN",
	"BUMPER_HANDLER",
	"TRACK_WIRE_SEQUENCE",
};


[DEBUG]2024-05-28 18:07:42,493: 
static const char *StateNames[] = {
	"InitPSubState",
	"FIND_TAPE",
	"ALIGN",
	"FOLLOW_TAPE",
	"CORNER_TURN",
	"BUMPER_HANDLER",
	"TRACK_WIRE_SEQUENCE",
};


[DEBUG]2024-05-28 18:07:42,493: 
static const char *StateNames[] = {
	"InitPSubState",
	"FIND_TAPE",
	"ALIGN",
	"FOLLOW_TAPE",
	"CORNER_TURN",
	"BUMPER_HANDLER",
	"TRACK_WIRE_SEQUENCE",
};


[DEBUG]2024-05-28 18:07:42,493: 
static const char *StateNames[] = {
	"InitPSubState",
	"FIND_TAPE",
	"ALIGN",
	"FOLLOW_TAPE",
	"CORNER_TURN",
	"BUMPER_HANDLER",
	"TRACK_WIRE_SEQUENCE",
};


[DEBUG]2024-05-28 18:07:42,493: 
static const char *StateNames[] = {
	"InitPSubState",
	"FIND_TAPE",
	"ALIGN",
	"FOLLOW_TAPE",
	"CORNER_TURN",
	"BUMPER_HANDLER",
	"TRACK_WIRE_SEQUENCE",
};


[DEBUG]2024-05-28 18:07:42,493: 
static const char *StateNames[] = {
	"InitPSubState",
	"FIND_TAPE",
	"ALIGN",
	"FOLLOW_TAPE",
	"CORNER_TURN",
	"BUMPER_HANDLER",
	"TRACK_WIRE_SEQUENCE",
};


[DEBUG]2024-05-28 18:07:42,493: 
static const char *StateNames[] = {
	"InitPSubState",
	"FIND_TAPE",
	"ALIGN",
	"FOLLOW_TAPE",
	"CORNER_TURN",
	"BUMPER_HANDLER",
	"TRACK_WIRE_SEQUENCE",
};


[DEBUG]2024-05-28 18:07:42,493: 
static const char *StateNames[] = {
	"InitPSubState",
	"FIND_TAPE",
	"ALIGN",
	"FOLLOW_TAPE",
	"CORNER_TURN",
	"BUMPER_HANDLER",
	"TRACK_WIRE_SEQUENCE",
};


[DEBUG]2024-05-28 18:07:42,493: 
static const char *StateNames[] = {
	"InitPSubState",
	"FIND_TAPE",
	"ALIGN",
	"FOLLOW_TAPE",
	"CORNER_TURN",
	"BUMPER_HANDLER",
	"TRACK_WIRE_SEQUENCE",
};


[DEBUG]2024-05-28 18:07:42,493: 
static const char *StateNames[] = {
	"InitPSubState",
	"FIND_TAPE",
	"ALIGN",
	"FOLLOW_TAPE",
	"CORNER_TURN",
	"BUMPER_HANDLER",
	"TRACK_WIRE_SEQUENCE",
};


[DEBUG]2024-05-28 18:07:42,493: 
static const char *StateNames[] = {
	"InitPSubState",
	"FIND_TAPE",
	"ALIGN",
	"FOLLOW_TAPE",
	"CORNER_TURN",
	"BUMPER_HANDLER",
	"TRACK_WIRE_SEQUENCE",
};


[DEBUG]2024-05-28 18:07:42,493: 
static const char *StateNames[] = {
	"InitPSubState",
	"FIND_TAPE",
	"ALIGN",
	"FOLLOW_TAPE",
	"CORNER_TURN",
	"BUMPER_HANDLER",
	"TRACK_WIRE_SEQUENCE",
};


[DEBUG]2024-05-28 18:07:42,493: 
static const char *StateNames[] = {
	"InitPSubState",
	"FIND_TAPE",
	"ALIGN",
	"FOLLOW_TAPE",
	"CORNER_TURN",
	"BUMPER_HANDLER",
	"TRACK_WIRE_SEQUENCE",
};


[DEBUG]2024-05-28 18:07:42,493: 
static const char *StateNames[] = {
	"InitPSubState",
	"FIND_TAPE",
	"ALIGN",
	"FOLLOW_TAPE",
	"CORNER_TURN",
	"BUMPER_HANDLER",
	"TRACK_WIRE_SEQUENCE",
};


[DEBUG]2024-05-28 18:07:42,493: 
static const char *StateNames[] = {
	"InitPSubState",
	"FIND_TAPE",
	"ALIGN",
	"FOLLOW_TAPE",
	"CORNER_TURN",
	"BUMPER_HANDLER",
	"TRACK_WIRE_SEQUENCE",
};


[DEBUG]2024-05-28 18:07:42,493: 
static const char *StateNames[] = {
	"InitPSubState",
	"FIND_TAPE",
	"ALIGN",
	"FOLLOW_TAPE",
	"CORNER_TURN",
	"BUMPER_HANDLER",
	"TRACK_WIRE_SEQUENCE",
};


[DEBUG]2024-05-28 18:07:42,493: 
static const char *StateNames[] = {
	"InitPSubState",
	"FIND_TAPE",
	"ALIGN",
	"FOLLOW_TAPE",
	"CORNER_TURN",
	"BUMPER_HANDLER",
	"TRACK_WIRE_SEQUENCE",
};


[DEBUG]2024-05-28 18:07:42,493: 
static const char *StateNames[] = {
	"InitPSubState",
	"FIND_TAPE",
	"ALIGN",
	"FOLLOW_TAPE",
	"CORNER_TURN",
	"BUMPER_HANDLER",
	"TRACK_WIRE_SEQUENCE",
};


[DEBUG]2024-05-28 18:07:42,493: 
static const char *StateNames[] = {
	"InitPSubState",
	"FIND_TAPE",
	"ALIGN",
	"FOLLOW_TAPE",
	"CORNER_TURN",
	"BUMPER_HANDLER",
	"TRACK_WIRE_SEQUENCE",
};


[DEBUG]2024-05-28 18:07:42,493: 
static const char *StateNames[] = {
	"InitPSubState",
	"FIND_TAPE",
	"ALIGN",
	"FOLLOW_TAPE",
	"CORNER_TURN",
	"BUMPER_HANDLER",
	"TRACK_WIRE_SEQUENCE",
};


[DEBUG]2024-05-28 18:07:42,493: 
static const char *StateNames[] = {
	"InitPSubState",
	"FIND_TAPE",
	"ALIGN",
	"FOLLOW_TAPE",
	"CORNER_TURN",
	"BUMPER_HANDLER",
	"TRACK_WIRE_SEQUENCE",
};


[DEBUG]2024-05-28 18:07:42,494: None
[DEBUG]2024-05-28 18:07:42,494: None
[DEBUG]2024-05-28 18:07:42,494: None
[DEBUG]2024-05-28 18:07:42,494: None
[DEBUG]2024-05-28 18:07:42,494: None
[DEBUG]2024-05-28 18:07:42,494: None
[DEBUG]2024-05-28 18:07:42,494: None
[DEBUG]2024-05-28 18:07:42,494: None
[DEBUG]2024-05-28 18:07:42,494: None
[DEBUG]2024-05-28 18:07:42,494: None
[DEBUG]2024-05-28 18:07:42,494: None
[DEBUG]2024-05-28 18:07:42,494: None
[DEBUG]2024-05-28 18:07:42,494: None
[DEBUG]2024-05-28 18:07:42,494: None
[DEBUG]2024-05-28 18:07:42,494: None
[DEBUG]2024-05-28 18:07:42,494: None
[DEBUG]2024-05-28 18:07:42,494: None
[DEBUG]2024-05-28 18:07:42,494: None
[DEBUG]2024-05-28 18:07:42,494: None
[DEBUG]2024-05-28 18:07:42,494: None
[DEBUG]2024-05-28 18:07:42,494: None
[DEBUG]2024-05-28 18:07:42,494: None
[DEBUG]2024-05-28 18:07:42,494: None
[DEBUG]2024-05-28 18:07:42,494: None
[DEBUG]2024-05-28 18:07:42,494: None
[DEBUG]2024-05-28 18:07:42,494: None
