[DEBUG]2024-05-16 11:25:30,839: <re.Match object; span=(1088, 1781), match='typedef enum {\n    ES_NO_EVENT, ES_ERROR, /* use>
[DEBUG]2024-05-16 11:25:30,839: ['ES_NO_EVENT', 'ES_ERROR', 'ES_INIT', 'ES_ENTRY', 'ES_EXIT', 'ES_KEYINPUT', 'ES_LISTEVENTS', 'ES_TIMEOUT', 'ES_TIMERACTIVE', 'ES_TIMERSTOPPED', 'BATTERY_CONNECTED', 'BATTERY_DISCONNECTED', 'NUMBEROFEVENTS']
[DEBUG]2024-05-16 11:25:30,839: 
static const char *EventNames[] = {
	"ES_NO_EVENT",
	"ES_ERROR",
	"ES_INIT",
	"ES_ENTRY",
	"ES_EXIT",
	"ES_KEYINPUT",
	"ES_LISTEVENTS",
	"ES_TIMEOUT",
	"ES_TIMERACTIVE",
	"ES_TIMERSTOPPED",
	"BATTERY_CONNECTED",
	"BATTERY_DISCONNECTED",
	"NUMBEROFEVENTS",
};


[DEBUG]2024-05-16 11:25:30,841: None
[DEBUG]2024-05-16 11:25:30,841: None
[DEBUG]2024-05-16 11:25:30,841: None
[DEBUG]2024-05-16 11:25:30,841: None
[DEBUG]2024-05-16 11:25:30,841: None
[DEBUG]2024-05-16 11:25:30,842: None
[DEBUG]2024-05-16 11:25:30,842: None
[DEBUG]2024-05-16 11:25:30,842: None
[DEBUG]2024-05-16 11:25:30,842: None
[DEBUG]2024-05-16 11:25:30,843: None
[DEBUG]2024-05-16 11:25:30,843: None
[DEBUG]2024-05-16 11:25:30,843: None
[DEBUG]2024-05-16 11:25:30,843: None
[DEBUG]2024-05-16 11:25:30,843: None
[DEBUG]2024-05-16 11:25:30,844: None
[DEBUG]2024-05-16 11:25:30,844: None
[DEBUG]2024-05-16 11:25:30,844: None
[DEBUG]2024-05-16 11:25:30,844: None
[DEBUG]2024-05-16 11:25:30,844: None
[DEBUG]2024-05-16 11:25:30,844: None
[DEBUG]2024-05-16 11:25:30,845: None
[DEBUG]2024-05-16 11:25:30,845: None
[DEBUG]2024-05-16 11:25:30,845: None
[DEBUG]2024-05-16 11:25:30,845: None
[DEBUG]2024-05-16 11:25:30,845: None
[DEBUG]2024-05-16 11:25:30,845: None
[DEBUG]2024-05-16 11:25:30,845: None
[DEBUG]2024-05-16 11:25:30,845: None
[DEBUG]2024-05-16 11:25:30,845: None
[DEBUG]2024-05-16 11:25:30,845: None
[DEBUG]2024-05-16 11:25:30,845: None
[DEBUG]2024-05-16 11:25:30,845: None
[DEBUG]2024-05-16 11:25:30,845: None
[DEBUG]2024-05-16 11:25:30,845: None
[DEBUG]2024-05-16 11:25:30,845: None
[DEBUG]2024-05-16 11:25:30,846: None
[DEBUG]2024-05-16 11:25:30,846: None
[DEBUG]2024-05-16 11:25:30,846: None
[DEBUG]2024-05-16 11:25:30,846: None
[DEBUG]2024-05-16 11:25:30,846: None
[DEBUG]2024-05-16 11:25:30,846: None
[DEBUG]2024-05-16 11:25:30,846: None
[DEBUG]2024-05-16 11:25:30,846: None
[DEBUG]2024-05-16 11:25:30,846: None
[DEBUG]2024-05-16 11:25:30,847: None
[DEBUG]2024-05-16 11:25:30,847: None
[DEBUG]2024-05-16 11:25:30,847: None
[DEBUG]2024-05-16 11:25:30,847: None
[DEBUG]2024-05-16 11:25:30,847: None
[DEBUG]2024-05-16 11:25:30,847: None
[DEBUG]2024-05-16 11:25:30,847: None
[DEBUG]2024-05-16 11:25:30,847: None
[DEBUG]2024-05-16 11:25:30,847: None
[DEBUG]2024-05-16 11:25:30,847: None
[DEBUG]2024-05-16 11:25:30,848: None
[DEBUG]2024-05-16 11:25:30,848: None
[DEBUG]2024-05-16 11:25:30,848: None
[DEBUG]2024-05-16 11:25:30,848: None
[DEBUG]2024-05-16 11:25:30,848: None
[DEBUG]2024-05-16 11:25:30,848: None
[DEBUG]2024-05-16 11:25:30,848: None
[DEBUG]2024-05-16 11:25:30,848: None
[DEBUG]2024-05-16 11:25:30,848: None
[DEBUG]2024-05-16 11:25:30,848: None
[DEBUG]2024-05-16 11:25:30,848: None
[DEBUG]2024-05-16 11:25:30,848: None
[DEBUG]2024-05-16 11:25:30,848: None
[DEBUG]2024-05-16 11:25:30,848: None
[DEBUG]2024-05-16 11:25:30,848: None
[DEBUG]2024-05-16 11:25:30,848: None
[DEBUG]2024-05-16 11:25:30,848: None
[DEBUG]2024-05-16 11:25:30,848: None
[DEBUG]2024-05-16 11:25:30,848: None
[DEBUG]2024-05-16 11:25:30,848: None
[DEBUG]2024-05-16 11:25:30,848: None
[DEBUG]2024-05-16 11:25:30,848: None
[DEBUG]2024-05-16 11:25:30,848: None
[DEBUG]2024-05-16 11:25:30,849: None
[DEBUG]2024-05-16 11:25:30,849: None
[DEBUG]2024-05-16 11:25:30,849: None
[DEBUG]2024-05-16 11:25:30,849: None
[DEBUG]2024-05-16 11:25:30,849: None
[DEBUG]2024-05-16 11:25:30,849: None
[DEBUG]2024-05-16 11:25:30,849: None
[DEBUG]2024-05-16 11:25:30,849: None
[DEBUG]2024-05-16 11:25:30,849: None
[DEBUG]2024-05-16 11:25:30,849: None
[DEBUG]2024-05-16 11:25:30,849: None
[DEBUG]2024-05-16 11:25:30,849: None
[DEBUG]2024-05-16 11:25:30,849: None
[DEBUG]2024-05-16 11:25:30,850: None
[DEBUG]2024-05-16 11:25:30,850: None
[DEBUG]2024-05-16 11:25:30,850: None
[DEBUG]2024-05-16 11:25:30,850: None
[DEBUG]2024-05-16 11:25:30,850: None
[DEBUG]2024-05-16 11:25:30,850: None
[DEBUG]2024-05-16 11:25:30,850: None
[DEBUG]2024-05-16 11:25:30,850: None
[DEBUG]2024-05-16 11:25:30,850: None
[DEBUG]2024-05-16 11:25:30,850: None
[DEBUG]2024-05-16 11:25:30,850: None
[DEBUG]2024-05-16 11:25:30,850: None
[DEBUG]2024-05-16 11:25:30,850: None
[DEBUG]2024-05-16 11:25:30,850: None
[DEBUG]2024-05-16 11:25:30,851: None
[DEBUG]2024-05-16 11:25:30,851: None
[DEBUG]2024-05-16 11:25:30,851: None
[DEBUG]2024-05-16 11:25:30,851: None
[DEBUG]2024-05-16 11:25:30,851: None
[DEBUG]2024-05-16 11:25:30,851: None
[DEBUG]2024-05-16 11:25:30,851: None
[DEBUG]2024-05-16 11:25:30,851: None
[DEBUG]2024-05-16 11:25:30,851: None
[DEBUG]2024-05-16 11:25:30,851: None
[DEBUG]2024-05-16 11:25:30,851: None
[DEBUG]2024-05-16 11:25:30,851: None
[DEBUG]2024-05-16 11:25:30,851: None
[DEBUG]2024-05-16 11:25:30,851: None
[DEBUG]2024-05-16 11:25:30,851: None
[DEBUG]2024-05-16 11:25:30,852: None
[DEBUG]2024-05-16 11:25:30,852: None
[DEBUG]2024-05-16 11:25:30,852: None
[DEBUG]2024-05-16 11:25:30,852: None
[DEBUG]2024-05-16 11:25:30,852: None
[DEBUG]2024-05-16 11:25:30,852: None
[DEBUG]2024-05-16 11:25:30,852: None
[DEBUG]2024-05-16 11:25:30,852: None
[DEBUG]2024-05-16 11:25:30,852: None
[DEBUG]2024-05-16 11:25:30,852: None
[DEBUG]2024-05-16 11:25:30,852: None
[DEBUG]2024-05-16 11:25:30,852: None
[DEBUG]2024-05-16 11:25:30,852: None
[DEBUG]2024-05-16 11:25:30,852: None
[DEBUG]2024-05-16 11:25:30,852: None
[DEBUG]2024-05-16 11:25:30,852: None
[DEBUG]2024-05-16 11:25:30,853: None
[DEBUG]2024-05-16 11:25:30,853: None
[DEBUG]2024-05-16 11:25:30,853: None
[DEBUG]2024-05-16 11:25:30,853: None
[DEBUG]2024-05-16 11:25:30,853: None
[DEBUG]2024-05-16 11:25:30,853: None
[DEBUG]2024-05-16 11:25:30,853: None
[DEBUG]2024-05-16 11:25:30,853: None
[DEBUG]2024-05-16 11:25:30,853: None
[DEBUG]2024-05-16 11:25:30,853: None
[DEBUG]2024-05-16 11:25:30,853: None
[DEBUG]2024-05-16 11:25:30,853: None
[DEBUG]2024-05-16 11:25:30,853: None
[DEBUG]2024-05-16 11:25:30,853: None
[DEBUG]2024-05-16 11:25:30,853: None
[DEBUG]2024-05-16 11:25:30,853: None
[DEBUG]2024-05-16 11:25:30,853: None
[DEBUG]2024-05-16 11:25:30,854: None
[DEBUG]2024-05-16 11:25:30,854: None
[DEBUG]2024-05-16 11:25:30,854: None
[DEBUG]2024-05-16 11:25:30,854: None
[DEBUG]2024-05-16 11:25:30,854: None
[DEBUG]2024-05-16 11:25:30,854: None
[DEBUG]2024-05-16 11:25:30,854: None
[DEBUG]2024-05-16 11:25:30,854: None
[DEBUG]2024-05-16 11:25:30,854: None
[DEBUG]2024-05-16 11:25:30,854: None
[DEBUG]2024-05-16 11:25:30,854: None
[DEBUG]2024-05-16 11:25:30,854: None
[DEBUG]2024-05-16 11:25:30,854: None
[DEBUG]2024-05-16 11:25:30,854: None
[DEBUG]2024-05-16 11:25:30,854: None
[DEBUG]2024-05-16 11:25:30,854: None
[DEBUG]2024-05-16 11:25:30,854: None
[DEBUG]2024-05-16 11:25:30,854: None
